nohup: ignoring input
['build_position_encoding', 'load_state_dict_from_url']
[32m[04/25 19:27:05 zsl]: [0mNamespace(L_cls=1.0, att_emb_dim=8, backbone='resnet101', batch_size=512, data='../../data/CUB_200_2011/CUB_200_2011/images/', data_name='cub', dist_backend='gloo', dist_url='tcp://224.66.41.62:23456', distributed=False, epoch_decay=30, epochs=90, flipping_test=False, gpu=None, is_fix=True, is_syncbn=False, local_rank=0, logger=<Logger zsl (DEBUG)>, lr=0.0004, model='dpn', momentum=0.9, n_dec=3, n_enc=0, print_freq=10, resume='', save_path='output/cub/run_r101_dpn_bs64_lr3e-4', seed=1526, start_epoch=0, vis_emb_dim=512, weight_decay=0.0001, workers=32, world_size=1)
[32m[04/25 19:27:05 zsl]: [0m==> random seed: 1526
[32m[04/25 19:28:03 zsl]: [0mEpoch: [0][ 0/14]	L_zsl 0.6450 (0.6450)	L_cls 5.3017 (5.3017)
[32m[04/25 19:28:53 zsl]: [0mEpoch: [0][10/14]	L_zsl 0.0432 (0.2208)	L_cls 4.9485 (5.1414)
/home/v-shaomi/anaconda3/lib/python3.7/site-packages/torch/nn/functional.py:1569: UserWarning: nn.functional.sigmoid is deprecated. Use torch.sigmoid instead.
  warnings.warn("nn.functional.sigmoid is deprecated. Use torch.sigmoid instead.")
[32m[04/25 19:31:22 zsl]: [0m SS: 0.0166 UU: 0.0318 ST: 0.0166 UT: 0.0000 H: 0.0000
[32m[04/25 19:31:40 zsl]: [0mEpoch: [1][ 0/14]	L_zsl 0.1696 (0.1696)	L_cls 4.9607 (4.9607)
[32m[04/25 19:32:31 zsl]: [0mEpoch: [1][10/14]	L_zsl 0.0832 (0.0936)	L_cls 4.6439 (4.8021)
[32m[04/25 19:33:46 zsl]: [0m SS: 0.0118 UU: 0.0317 ST: 0.0048 UT: 0.0200 H: 0.0077
[32m[04/25 19:33:46 zsl]: [0msaving!!!!
[32m[04/25 19:34:04 zsl]: [0mEpoch: [2][ 0/14]	L_zsl 0.1172 (0.1172)	L_cls 4.7716 (4.7716)
[32m[04/25 19:34:54 zsl]: [0mEpoch: [2][10/14]	L_zsl 0.2226 (0.1172)	L_cls 4.7040 (4.6915)
[32m[04/25 19:36:09 zsl]: [0m SS: 0.0203 UU: 0.0538 ST: 0.0132 UT: 0.0217 H: 0.0164
[32m[04/25 19:36:10 zsl]: [0msaving!!!!
[32m[04/25 19:36:28 zsl]: [0mEpoch: [3][ 0/14]	L_zsl 0.0893 (0.0893)	L_cls 4.4663 (4.4663)
[32m[04/25 19:37:18 zsl]: [0mEpoch: [3][10/14]	L_zsl 0.0790 (0.0996)	L_cls 4.8157 (4.5323)
[32m[04/25 19:38:33 zsl]: [0m SS: 0.0315 UU: 0.0720 ST: 0.0208 UT: 0.0208 H: 0.0208
[32m[04/25 19:38:34 zsl]: [0msaving!!!!
[32m[04/25 19:38:55 zsl]: [0mEpoch: [4][ 0/14]	L_zsl 0.1212 (0.1212)	L_cls 4.3585 (4.3585)
[32m[04/25 19:39:45 zsl]: [0mEpoch: [4][10/14]	L_zsl 0.0734 (0.0894)	L_cls 3.9334 (4.1927)
[32m[04/25 19:40:59 zsl]: [0m SS: 0.0389 UU: 0.0833 ST: 0.0274 UT: 0.0335 H: 0.0301
[32m[04/25 19:41:00 zsl]: [0msaving!!!!
[32m[04/25 19:41:21 zsl]: [0mEpoch: [5][ 0/14]	L_zsl 0.0767 (0.0767)	L_cls 4.0898 (4.0898)
[32m[04/25 19:42:57 zsl]: [0mEpoch: [5][10/14]	L_zsl 0.0967 (0.0913)	L_cls 3.9766 (3.9877)
[32m[04/25 19:44:11 zsl]: [0m SS: 0.0666 UU: 0.1437 ST: 0.0507 UT: 0.0494 H: 0.0500
[32m[04/25 19:44:12 zsl]: [0msaving!!!!
[32m[04/25 19:44:31 zsl]: [0mEpoch: [6][ 0/14]	L_zsl 0.0729 (0.0729)	L_cls 3.8458 (3.8458)
[32m[04/25 19:45:21 zsl]: [0mEpoch: [6][10/14]	L_zsl 0.0906 (0.0959)	L_cls 3.5428 (3.8066)
[32m[04/25 19:46:50 zsl]: [0m SS: 0.0754 UU: 0.1368 ST: 0.0523 UT: 0.0470 H: 0.0495
[32m[04/25 19:47:14 zsl]: [0mEpoch: [7][ 0/14]	L_zsl 0.1273 (0.1273)	L_cls 3.7749 (3.7749)
[32m[04/25 19:48:05 zsl]: [0mEpoch: [7][10/14]	L_zsl 0.1082 (0.1031)	L_cls 3.3885 (3.5117)
[32m[04/25 19:49:21 zsl]: [0m SS: 0.1000 UU: 0.1799 ST: 0.0939 UT: 0.0366 H: 0.0527
[32m[04/25 19:49:22 zsl]: [0msaving!!!!
[32m[04/25 19:49:40 zsl]: [0mEpoch: [8][ 0/14]	L_zsl 0.1323 (0.1323)	L_cls 3.3707 (3.3707)
[32m[04/25 19:50:30 zsl]: [0mEpoch: [8][10/14]	L_zsl 0.1362 (0.1164)	L_cls 3.0323 (3.0651)
[32m[04/25 19:52:31 zsl]: [0m SS: 0.1792 UU: 0.2625 ST: 0.1569 UT: 0.0842 H: 0.1096
[32m[04/25 19:52:32 zsl]: [0msaving!!!!
[32m[04/25 19:52:56 zsl]: [0mEpoch: [9][ 0/14]	L_zsl 0.1044 (0.1044)	L_cls 2.8127 (2.8127)
[32m[04/25 19:53:46 zsl]: [0mEpoch: [9][10/14]	L_zsl 0.1185 (0.1301)	L_cls 2.5270 (2.8645)
[32m[04/25 19:55:48 zsl]: [0m SS: 0.2460 UU: 0.3257 ST: 0.2147 UT: 0.1141 H: 0.1490
[32m[04/25 19:55:49 zsl]: [0msaving!!!!
[32m[04/25 19:56:11 zsl]: [0mEpoch: [10][ 0/14]	L_zsl 0.1378 (0.1378)	L_cls 2.4453 (2.4453)
[32m[04/25 19:57:01 zsl]: [0mEpoch: [10][10/14]	L_zsl 0.1340 (0.1466)	L_cls 2.3096 (2.3605)
[32m[04/25 19:58:17 zsl]: [0m SS: 0.3182 UU: 0.3645 ST: 0.2903 UT: 0.1042 H: 0.1533
[32m[04/25 19:58:18 zsl]: [0msaving!!!!
[32m[04/25 19:58:34 zsl]: [0mEpoch: [11][ 0/14]	L_zsl 0.1567 (0.1567)	L_cls 2.2891 (2.2891)
[32m[04/25 19:59:25 zsl]: [0mEpoch: [11][10/14]	L_zsl 0.1425 (0.1563)	L_cls 2.0857 (2.2433)
[32m[04/25 20:00:39 zsl]: [0m SS: 0.4156 UU: 0.4276 ST: 0.3818 UT: 0.1533 H: 0.2187
[32m[04/25 20:00:40 zsl]: [0msaving!!!!
[32m[04/25 20:01:00 zsl]: [0mEpoch: [12][ 0/14]	L_zsl 0.1581 (0.1581)	L_cls 1.8140 (1.8140)
[32m[04/25 20:01:51 zsl]: [0mEpoch: [12][10/14]	L_zsl 0.1577 (0.1535)	L_cls 1.7936 (1.8219)
[32m[04/25 20:03:05 zsl]: [0m SS: 0.4225 UU: 0.4323 ST: 0.3902 UT: 0.1468 H: 0.2134
[32m[04/25 20:03:22 zsl]: [0mEpoch: [13][ 0/14]	L_zsl 0.1714 (0.1714)	L_cls 1.7295 (1.7295)
[32m[04/25 20:04:12 zsl]: [0mEpoch: [13][10/14]	L_zsl 0.1748 (0.1602)	L_cls 1.8277 (1.7701)
[32m[04/25 20:05:26 zsl]: [0m SS: 0.4161 UU: 0.4195 ST: 0.3851 UT: 0.1322 H: 0.1968
[32m[04/25 20:05:48 zsl]: [0mEpoch: [14][ 0/14]	L_zsl 0.1631 (0.1631)	L_cls 1.9277 (1.9277)
[32m[04/25 20:06:39 zsl]: [0mEpoch: [14][10/14]	L_zsl 0.1487 (0.1544)	L_cls 1.5510 (1.5876)
[32m[04/25 20:07:56 zsl]: [0m SS: 0.5492 UU: 0.5455 ST: 0.5214 UT: 0.1972 H: 0.2862
[32m[04/25 20:07:57 zsl]: [0msaving!!!!
[32m[04/25 20:08:15 zsl]: [0mEpoch: [15][ 0/14]	L_zsl 0.1511 (0.1511)	L_cls 1.4842 (1.4842)
[32m[04/25 20:09:51 zsl]: [0mEpoch: [15][10/14]	L_zsl 0.1494 (0.1404)	L_cls 1.4489 (1.4276)
[32m[04/25 20:11:08 zsl]: [0m SS: 0.5386 UU: 0.5230 ST: 0.5050 UT: 0.2193 H: 0.3058
[32m[04/25 20:11:09 zsl]: [0msaving!!!!
[32m[04/25 20:11:31 zsl]: [0mEpoch: [16][ 0/14]	L_zsl 0.1475 (0.1475)	L_cls 1.3272 (1.3272)
[32m[04/25 20:12:22 zsl]: [0mEpoch: [16][10/14]	L_zsl 0.1383 (0.1422)	L_cls 1.2734 (1.3481)
[32m[04/25 20:13:47 zsl]: [0m SS: 0.5841 UU: 0.5715 ST: 0.5646 UT: 0.2178 H: 0.3143
[32m[04/25 20:13:48 zsl]: [0msaving!!!!
[32m[04/25 20:14:09 zsl]: [0mEpoch: [17][ 0/14]	L_zsl 0.1254 (0.1254)	L_cls 1.3533 (1.3533)
[32m[04/25 20:14:59 zsl]: [0mEpoch: [17][10/14]	L_zsl 0.1386 (0.1355)	L_cls 1.5220 (1.3720)
[32m[04/25 20:16:15 zsl]: [0m SS: 0.5880 UU: 0.5862 ST: 0.5615 UT: 0.2721 H: 0.3666
[32m[04/25 20:16:16 zsl]: [0msaving!!!!
[32m[04/25 20:16:36 zsl]: [0mEpoch: [18][ 0/14]	L_zsl 0.1288 (0.1288)	L_cls 1.1420 (1.1420)
[32m[04/25 20:17:26 zsl]: [0mEpoch: [18][10/14]	L_zsl 0.1453 (0.1375)	L_cls 1.2770 (1.2277)
[32m[04/25 20:18:40 zsl]: [0m SS: 0.6466 UU: 0.5993 ST: 0.6177 UT: 0.2574 H: 0.3634
[32m[04/25 20:19:02 zsl]: [0mEpoch: [19][ 0/14]	L_zsl 0.1153 (0.1153)	L_cls 1.2498 (1.2498)
[32m[04/25 20:19:53 zsl]: [0mEpoch: [19][10/14]	L_zsl 0.1323 (0.1300)	L_cls 1.2705 (1.2552)
[32m[04/25 20:21:08 zsl]: [0m SS: 0.6385 UU: 0.5914 ST: 0.5969 UT: 0.3024 H: 0.4014
[32m[04/25 20:21:09 zsl]: [0msaving!!!!
[32m[04/25 20:21:29 zsl]: [0mEpoch: [20][ 0/14]	L_zsl 0.1397 (0.1397)	L_cls 1.1096 (1.1096)
[32m[04/25 20:22:20 zsl]: [0mEpoch: [20][10/14]	L_zsl 0.1305 (0.1266)	L_cls 1.1754 (1.1471)
[32m[04/25 20:23:36 zsl]: [0m SS: 0.6605 UU: 0.6116 ST: 0.6271 UT: 0.3002 H: 0.4060
[32m[04/25 20:23:37 zsl]: [0msaving!!!!
[32m[04/25 20:23:56 zsl]: [0mEpoch: [21][ 0/14]	L_zsl 0.1354 (0.1354)	L_cls 1.0925 (1.0925)
[32m[04/25 20:24:46 zsl]: [0mEpoch: [21][10/14]	L_zsl 0.1156 (0.1292)	L_cls 1.1470 (1.1459)
[32m[04/25 20:26:01 zsl]: [0m SS: 0.6774 UU: 0.6296 ST: 0.6479 UT: 0.3124 H: 0.4215
[32m[04/25 20:26:02 zsl]: [0msaving!!!!
[32m[04/25 20:26:24 zsl]: [0mEpoch: [22][ 0/14]	L_zsl 0.1160 (0.1160)	L_cls 1.0245 (1.0245)
[32m[04/25 20:27:15 zsl]: [0mEpoch: [22][10/14]	L_zsl 0.1299 (0.1241)	L_cls 1.0483 (1.1281)
[32m[04/25 20:28:30 zsl]: [0m SS: 0.6846 UU: 0.6253 ST: 0.6534 UT: 0.2957 H: 0.4071
[32m[04/25 20:28:46 zsl]: [0mEpoch: [23][ 0/14]	L_zsl 0.1268 (0.1268)	L_cls 1.0327 (1.0327)
[32m[04/25 20:29:36 zsl]: [0mEpoch: [23][10/14]	L_zsl 0.1059 (0.1203)	L_cls 0.8906 (1.0413)
[32m[04/25 20:30:53 zsl]: [0m SS: 0.6948 UU: 0.6076 ST: 0.6604 UT: 0.2718 H: 0.3851
[32m[04/25 20:31:09 zsl]: [0mEpoch: [24][ 0/14]	L_zsl 0.1254 (0.1254)	L_cls 0.9626 (0.9626)
[32m[04/25 20:32:00 zsl]: [0mEpoch: [24][10/14]	L_zsl 0.1273 (0.1216)	L_cls 1.1597 (1.0078)
[32m[04/25 20:33:14 zsl]: [0m SS: 0.6948 UU: 0.6125 ST: 0.6567 UT: 0.2847 H: 0.3972
[32m[04/25 20:33:32 zsl]: [0mEpoch: [25][ 0/14]	L_zsl 0.1332 (0.1332)	L_cls 1.0451 (1.0451)
[32m[04/25 20:34:22 zsl]: [0mEpoch: [25][10/14]	L_zsl 0.1193 (0.1375)	L_cls 0.9366 (1.0831)
[32m[04/25 20:35:38 zsl]: [0m SS: 0.6977 UU: 0.6151 ST: 0.6746 UT: 0.2477 H: 0.3624
[32m[04/25 20:35:56 zsl]: [0mEpoch: [26][ 0/14]	L_zsl 0.1427 (0.1427)	L_cls 1.0422 (1.0422)
[32m[04/25 20:36:46 zsl]: [0mEpoch: [26][10/14]	L_zsl 0.0989 (0.1192)	L_cls 1.0903 (0.9830)
[32m[04/25 20:38:02 zsl]: [0m SS: 0.7101 UU: 0.6102 ST: 0.6789 UT: 0.2653 H: 0.3815
[32m[04/25 20:38:23 zsl]: [0mEpoch: [27][ 0/14]	L_zsl 0.1199 (0.1199)	L_cls 0.9757 (0.9757)
[32m[04/25 20:39:14 zsl]: [0mEpoch: [27][10/14]	L_zsl 0.1065 (0.1110)	L_cls 0.8832 (0.9408)
[32m[04/25 20:40:27 zsl]: [0m SS: 0.6936 UU: 0.6291 ST: 0.6646 UT: 0.2904 H: 0.4042
[32m[04/25 20:40:47 zsl]: [0mEpoch: [28][ 0/14]	L_zsl 0.1142 (0.1142)	L_cls 0.9038 (0.9038)
[32m[04/25 20:41:37 zsl]: [0mEpoch: [28][10/14]	L_zsl 0.1021 (0.1100)	L_cls 1.0481 (0.9291)
[32m[04/25 20:42:52 zsl]: [0m SS: 0.7300 UU: 0.6301 ST: 0.6937 UT: 0.3087 H: 0.4273
[32m[04/25 20:42:53 zsl]: [0msaving!!!!
[32m[04/25 20:43:11 zsl]: [0mEpoch: [29][ 0/14]	L_zsl 0.1170 (0.1170)	L_cls 0.7759 (0.7759)
[32m[04/25 20:44:02 zsl]: [0mEpoch: [29][10/14]	L_zsl 0.1253 (0.1129)	L_cls 0.9336 (0.8889)
[32m[04/25 20:45:18 zsl]: [0m SS: 0.7133 UU: 0.6366 ST: 0.6912 UT: 0.3088 H: 0.4269
[32m[04/25 20:45:35 zsl]: [0mEpoch: [30][ 0/14]	L_zsl 0.1117 (0.1117)	L_cls 1.1085 (1.1085)
[32m[04/25 20:46:25 zsl]: [0mEpoch: [30][10/14]	L_zsl 0.0962 (0.1030)	L_cls 0.8038 (0.8459)
[32m[04/25 20:47:40 zsl]: [0m SS: 0.7566 UU: 0.6628 ST: 0.7257 UT: 0.3452 H: 0.4679
[32m[04/25 20:47:41 zsl]: [0msaving!!!!
[32m[04/25 20:48:00 zsl]: [0mEpoch: [31][ 0/14]	L_zsl 0.0929 (0.0929)	L_cls 0.8118 (0.8118)
[32m[04/25 20:48:51 zsl]: [0mEpoch: [31][10/14]	L_zsl 0.0876 (0.0900)	L_cls 0.7047 (0.7377)
[32m[04/25 20:50:06 zsl]: [0m SS: 0.7597 UU: 0.6622 ST: 0.7250 UT: 0.3539 H: 0.4756
[32m[04/25 20:50:07 zsl]: [0msaving!!!!
[32m[04/25 20:50:24 zsl]: [0mEpoch: [32][ 0/14]	L_zsl 0.0829 (0.0829)	L_cls 0.7608 (0.7608)
[32m[04/25 20:51:14 zsl]: [0mEpoch: [32][10/14]	L_zsl 0.0802 (0.0830)	L_cls 0.7523 (0.7671)
[32m[04/25 20:52:29 zsl]: [0m SS: 0.7627 UU: 0.6677 ST: 0.7328 UT: 0.3520 H: 0.4756
[32m[04/25 20:52:50 zsl]: [0mEpoch: [33][ 0/14]	L_zsl 0.0778 (0.0778)	L_cls 0.7400 (0.7400)
[32m[04/25 20:53:40 zsl]: [0mEpoch: [33][10/14]	L_zsl 0.0802 (0.0783)	L_cls 0.7921 (0.7399)
[32m[04/25 20:54:57 zsl]: [0m SS: 0.7669 UU: 0.6669 ST: 0.7331 UT: 0.3538 H: 0.4772
[32m[04/25 20:54:57 zsl]: [0msaving!!!!
[32m[04/25 20:55:14 zsl]: [0mEpoch: [34][ 0/14]	L_zsl 0.0770 (0.0770)	L_cls 0.7734 (0.7734)
[32m[04/25 20:56:04 zsl]: [0mEpoch: [34][10/14]	L_zsl 0.0746 (0.0760)	L_cls 0.7410 (0.7369)
[32m[04/25 20:57:19 zsl]: [0m SS: 0.7680 UU: 0.6680 ST: 0.7345 UT: 0.3541 H: 0.4779
[32m[04/25 20:57:20 zsl]: [0msaving!!!!
[32m[04/25 20:57:42 zsl]: [0mEpoch: [35][ 0/14]	L_zsl 0.0749 (0.0749)	L_cls 0.7083 (0.7083)
[32m[04/25 20:58:32 zsl]: [0mEpoch: [35][10/14]	L_zsl 0.0705 (0.0743)	L_cls 0.6973 (0.7396)
[32m[04/25 20:59:47 zsl]: [0m SS: 0.7677 UU: 0.6677 ST: 0.7352 UT: 0.3550 H: 0.4788
[32m[04/25 20:59:48 zsl]: [0msaving!!!!
[32m[04/25 21:00:05 zsl]: [0mEpoch: [36][ 0/14]	L_zsl 0.0726 (0.0726)	L_cls 0.6801 (0.6801)
[32m[04/25 21:00:55 zsl]: [0mEpoch: [36][10/14]	L_zsl 0.0701 (0.0706)	L_cls 0.7905 (0.7096)
[32m[04/25 21:02:10 zsl]: [0m SS: 0.7627 UU: 0.6686 ST: 0.7289 UT: 0.3614 H: 0.4832
[32m[04/25 21:02:11 zsl]: [0msaving!!!!
[32m[04/25 21:02:30 zsl]: [0mEpoch: [37][ 0/14]	L_zsl 0.0681 (0.0681)	L_cls 0.7648 (0.7648)
[32m[04/25 21:03:21 zsl]: [0mEpoch: [37][10/14]	L_zsl 0.0698 (0.0690)	L_cls 0.7304 (0.7374)
[32m[04/25 21:04:36 zsl]: [0m SS: 0.7642 UU: 0.6705 ST: 0.7310 UT: 0.3567 H: 0.4794
[32m[04/25 21:04:54 zsl]: [0mEpoch: [38][ 0/14]	L_zsl 0.0670 (0.0670)	L_cls 0.6980 (0.6980)
[32m[04/25 21:05:44 zsl]: [0mEpoch: [38][10/14]	L_zsl 0.0646 (0.0662)	L_cls 0.8218 (0.7392)
[32m[04/25 21:06:59 zsl]: [0m SS: 0.7623 UU: 0.6736 ST: 0.7316 UT: 0.3559 H: 0.4789
[32m[04/25 21:07:21 zsl]: [0mEpoch: [39][ 0/14]	L_zsl 0.0637 (0.0637)	L_cls 0.6171 (0.6171)
[32m[04/25 21:08:11 zsl]: [0mEpoch: [39][10/14]	L_zsl 0.0634 (0.0643)	L_cls 0.7943 (0.7292)
[32m[04/25 21:09:26 zsl]: [0m SS: 0.7636 UU: 0.6743 ST: 0.7289 UT: 0.3621 H: 0.4838
[32m[04/25 21:09:27 zsl]: [0msaving!!!!
[32m[04/25 21:09:45 zsl]: [0mEpoch: [40][ 0/14]	L_zsl 0.0640 (0.0640)	L_cls 0.6786 (0.6786)
[32m[04/25 21:10:35 zsl]: [0mEpoch: [40][10/14]	L_zsl 0.0643 (0.0635)	L_cls 0.7707 (0.6939)
[32m[04/25 21:11:50 zsl]: [0m SS: 0.7630 UU: 0.6720 ST: 0.7319 UT: 0.3647 H: 0.4869
[32m[04/25 21:11:51 zsl]: [0msaving!!!!
[32m[04/25 21:12:13 zsl]: [0mEpoch: [41][ 0/14]	L_zsl 0.0584 (0.0584)	L_cls 0.7167 (0.7167)
[32m[04/25 21:13:03 zsl]: [0mEpoch: [41][10/14]	L_zsl 0.0594 (0.0601)	L_cls 0.6420 (0.6971)
[32m[04/25 21:14:18 zsl]: [0m SS: 0.7666 UU: 0.6751 ST: 0.7322 UT: 0.3624 H: 0.4848
[32m[04/25 21:14:39 zsl]: [0mEpoch: [42][ 0/14]	L_zsl 0.0591 (0.0591)	L_cls 0.6786 (0.6786)
[32m[04/25 21:15:29 zsl]: [0mEpoch: [42][10/14]	L_zsl 0.0567 (0.0585)	L_cls 0.7217 (0.7050)
[32m[04/25 21:16:45 zsl]: [0m SS: 0.7589 UU: 0.6663 ST: 0.7294 UT: 0.3521 H: 0.4749
[32m[04/25 21:17:06 zsl]: [0mEpoch: [43][ 0/14]	L_zsl 0.0587 (0.0587)	L_cls 0.6704 (0.6704)
[32m[04/25 21:17:56 zsl]: [0mEpoch: [43][10/14]	L_zsl 0.0569 (0.0580)	L_cls 0.6624 (0.6862)
[32m[04/25 21:19:11 zsl]: [0m SS: 0.7708 UU: 0.6672 ST: 0.7391 UT: 0.3590 H: 0.4833
[32m[04/25 21:19:28 zsl]: [0mEpoch: [44][ 0/14]	L_zsl 0.0561 (0.0561)	L_cls 0.6799 (0.6799)
[32m[04/25 21:20:18 zsl]: [0mEpoch: [44][10/14]	L_zsl 0.0547 (0.0565)	L_cls 0.6565 (0.7103)
[32m[04/25 21:21:33 zsl]: [0m SS: 0.7699 UU: 0.6727 ST: 0.7386 UT: 0.3564 H: 0.4808
[32m[04/25 21:21:55 zsl]: [0mEpoch: [45][ 0/14]	L_zsl 0.0581 (0.0581)	L_cls 0.7111 (0.7111)
[32m[04/25 21:22:46 zsl]: [0mEpoch: [45][10/14]	L_zsl 0.0514 (0.0554)	L_cls 0.6253 (0.7100)
[32m[04/25 21:24:00 zsl]: [0m SS: 0.7659 UU: 0.6724 ST: 0.7358 UT: 0.3649 H: 0.4878
[32m[04/25 21:24:01 zsl]: [0msaving!!!!
[32m[04/25 21:24:21 zsl]: [0mEpoch: [46][ 0/14]	L_zsl 0.0563 (0.0563)	L_cls 0.7283 (0.7283)
[32m[04/25 21:25:12 zsl]: [0mEpoch: [46][10/14]	L_zsl 0.0559 (0.0557)	L_cls 0.6346 (0.6814)
[32m[04/25 21:26:27 zsl]: [0m SS: 0.7649 UU: 0.6741 ST: 0.7359 UT: 0.3565 H: 0.4803
[32m[04/25 21:26:48 zsl]: [0mEpoch: [47][ 0/14]	L_zsl 0.0543 (0.0543)	L_cls 0.7744 (0.7744)
[32m[04/25 21:27:38 zsl]: [0mEpoch: [47][10/14]	L_zsl 0.0542 (0.0534)	L_cls 0.7066 (0.7008)
[32m[04/25 21:28:52 zsl]: [0m SS: 0.7645 UU: 0.6734 ST: 0.7358 UT: 0.3618 H: 0.4851
[32m[04/25 21:29:12 zsl]: [0mEpoch: [48][ 0/14]	L_zsl 0.0518 (0.0518)	L_cls 0.7144 (0.7144)
[32m[04/25 21:30:02 zsl]: [0mEpoch: [48][10/14]	L_zsl 0.0521 (0.0520)	L_cls 0.7399 (0.6738)
[32m[04/25 21:31:16 zsl]: [0m SS: 0.7662 UU: 0.6759 ST: 0.7351 UT: 0.3587 H: 0.4822
[32m[04/25 21:31:34 zsl]: [0mEpoch: [49][ 0/14]	L_zsl 0.0526 (0.0526)	L_cls 0.7446 (0.7446)
[32m[04/25 21:32:25 zsl]: [0mEpoch: [49][10/14]	L_zsl 0.0511 (0.0507)	L_cls 0.7984 (0.6876)
[32m[04/25 21:33:38 zsl]: [0m SS: 0.7618 UU: 0.6780 ST: 0.7350 UT: 0.3569 H: 0.4805
[32m[04/25 21:34:00 zsl]: [0mEpoch: [50][ 0/14]	L_zsl 0.0500 (0.0500)	L_cls 0.7428 (0.7428)
[32m[04/25 21:34:50 zsl]: [0mEpoch: [50][10/14]	L_zsl 0.0504 (0.0500)	L_cls 0.7270 (0.7014)
[32m[04/25 21:36:05 zsl]: [0m SS: 0.7645 UU: 0.6794 ST: 0.7382 UT: 0.3517 H: 0.4764
[32m[04/25 21:36:24 zsl]: [0mEpoch: [51][ 0/14]	L_zsl 0.0525 (0.0525)	L_cls 0.6794 (0.6794)
[32m[04/25 21:37:14 zsl]: [0mEpoch: [51][10/14]	L_zsl 0.0494 (0.0504)	L_cls 0.6113 (0.6838)
[32m[04/25 21:38:30 zsl]: [0m SS: 0.7679 UU: 0.6771 ST: 0.7383 UT: 0.3511 H: 0.4759
[32m[04/25 21:38:47 zsl]: [0mEpoch: [52][ 0/14]	L_zsl 0.0516 (0.0516)	L_cls 0.5560 (0.5560)
[32m[04/25 21:39:37 zsl]: [0mEpoch: [52][10/14]	L_zsl 0.0501 (0.0502)	L_cls 0.8010 (0.6850)
[32m[04/25 21:40:52 zsl]: [0m SS: 0.7675 UU: 0.6761 ST: 0.7381 UT: 0.3566 H: 0.4808
[32m[04/25 21:41:08 zsl]: [0mEpoch: [53][ 0/14]	L_zsl 0.0501 (0.0501)	L_cls 0.6377 (0.6377)
[32m[04/25 21:41:58 zsl]: [0mEpoch: [53][10/14]	L_zsl 0.0462 (0.0479)	L_cls 0.6360 (0.6503)
[32m[04/25 21:43:14 zsl]: [0m SS: 0.7642 UU: 0.6746 ST: 0.7386 UT: 0.3628 H: 0.4866
[32m[04/25 21:43:35 zsl]: [0mEpoch: [54][ 0/14]	L_zsl 0.0503 (0.0503)	L_cls 0.6529 (0.6529)
[32m[04/25 21:44:25 zsl]: [0mEpoch: [54][10/14]	L_zsl 0.0464 (0.0474)	L_cls 0.6609 (0.6426)
[32m[04/25 21:45:40 zsl]: [0m SS: 0.7663 UU: 0.6807 ST: 0.7404 UT: 0.3659 H: 0.4898
[32m[04/25 21:45:41 zsl]: [0msaving!!!!
[32m[04/25 21:46:01 zsl]: [0mEpoch: [55][ 0/14]	L_zsl 0.0469 (0.0469)	L_cls 0.6087 (0.6087)
[32m[04/25 21:46:51 zsl]: [0mEpoch: [55][10/14]	L_zsl 0.0468 (0.0470)	L_cls 0.6553 (0.6482)
[32m[04/25 21:48:08 zsl]: [0m SS: 0.7681 UU: 0.6771 ST: 0.7387 UT: 0.3711 H: 0.4940
[32m[04/25 21:48:08 zsl]: [0msaving!!!!
[32m[04/25 21:48:28 zsl]: [0mEpoch: [56][ 0/14]	L_zsl 0.0451 (0.0451)	L_cls 0.7656 (0.7656)
[32m[04/25 21:49:18 zsl]: [0mEpoch: [56][10/14]	L_zsl 0.0474 (0.0450)	L_cls 0.7480 (0.6914)
[32m[04/25 21:50:34 zsl]: [0m SS: 0.7658 UU: 0.6750 ST: 0.7398 UT: 0.3519 H: 0.4769
[32m[04/25 21:50:54 zsl]: [0mEpoch: [57][ 0/14]	L_zsl 0.0471 (0.0471)	L_cls 0.6082 (0.6082)
[32m[04/25 21:51:44 zsl]: [0mEpoch: [57][10/14]	L_zsl 0.0443 (0.0457)	L_cls 0.7152 (0.6787)
[32m[04/25 21:53:01 zsl]: [0m SS: 0.7686 UU: 0.6734 ST: 0.7416 UT: 0.3542 H: 0.4795
[32m[04/25 21:53:23 zsl]: [0mEpoch: [58][ 0/14]	L_zsl 0.0460 (0.0460)	L_cls 0.6524 (0.6524)
[32m[04/25 21:54:13 zsl]: [0mEpoch: [58][10/14]	L_zsl 0.0472 (0.0466)	L_cls 0.6057 (0.6609)
[32m[04/25 21:55:30 zsl]: [0m SS: 0.7704 UU: 0.6748 ST: 0.7460 UT: 0.3579 H: 0.4838
[32m[04/25 21:55:51 zsl]: [0mEpoch: [59][ 0/14]	L_zsl 0.0451 (0.0451)	L_cls 0.6382 (0.6382)
[32m[04/25 21:56:41 zsl]: [0mEpoch: [59][10/14]	L_zsl 0.0432 (0.0440)	L_cls 0.6322 (0.6630)
[32m[04/25 21:57:57 zsl]: [0m SS: 0.7731 UU: 0.6760 ST: 0.7447 UT: 0.3526 H: 0.4786
[32m[04/25 21:58:18 zsl]: [0mEpoch: [60][ 0/14]	L_zsl 0.0458 (0.0458)	L_cls 0.6302 (0.6302)
[32m[04/25 21:59:08 zsl]: [0mEpoch: [60][10/14]	L_zsl 0.0446 (0.0447)	L_cls 0.6287 (0.6606)
[32m[04/25 22:00:23 zsl]: [0m SS: 0.7714 UU: 0.6751 ST: 0.7443 UT: 0.3580 H: 0.4835
[32m[04/25 22:00:43 zsl]: [0mEpoch: [61][ 0/14]	L_zsl 0.0442 (0.0442)	L_cls 0.5696 (0.5696)
[32m[04/25 22:01:33 zsl]: [0mEpoch: [61][10/14]	L_zsl 0.0435 (0.0439)	L_cls 0.6696 (0.6422)
[32m[04/25 22:02:48 zsl]: [0m SS: 0.7724 UU: 0.6753 ST: 0.7446 UT: 0.3610 H: 0.4863
[32m[04/25 22:03:10 zsl]: [0mEpoch: [62][ 0/14]	L_zsl 0.0438 (0.0438)	L_cls 0.5584 (0.5584)
[32m[04/25 22:04:00 zsl]: [0mEpoch: [62][10/14]	L_zsl 0.0446 (0.0434)	L_cls 0.6321 (0.6102)
[32m[04/25 22:05:16 zsl]: [0m SS: 0.7728 UU: 0.6733 ST: 0.7449 UT: 0.3600 H: 0.4854
[32m[04/25 22:05:34 zsl]: [0mEpoch: [63][ 0/14]	L_zsl 0.0449 (0.0449)	L_cls 0.7670 (0.7670)
[32m[04/25 22:06:25 zsl]: [0mEpoch: [63][10/14]	L_zsl 0.0434 (0.0430)	L_cls 0.7102 (0.6726)
[32m[04/25 22:07:41 zsl]: [0m SS: 0.7727 UU: 0.6756 ST: 0.7445 UT: 0.3640 H: 0.4889
[32m[04/25 22:07:58 zsl]: [0mEpoch: [64][ 0/14]	L_zsl 0.0419 (0.0419)	L_cls 0.6724 (0.6724)
[32m[04/25 22:08:49 zsl]: [0mEpoch: [64][10/14]	L_zsl 0.0413 (0.0423)	L_cls 0.5834 (0.6344)
[32m[04/25 22:10:03 zsl]: [0m SS: 0.7704 UU: 0.6766 ST: 0.7431 UT: 0.3637 H: 0.4884
[32m[04/25 22:10:25 zsl]: [0mEpoch: [65][ 0/14]	L_zsl 0.0431 (0.0431)	L_cls 0.6249 (0.6249)
[32m[04/25 22:11:16 zsl]: [0mEpoch: [65][10/14]	L_zsl 0.0425 (0.0425)	L_cls 0.6367 (0.6307)
[32m[04/25 22:12:31 zsl]: [0m SS: 0.7703 UU: 0.6756 ST: 0.7429 UT: 0.3623 H: 0.4871
[32m[04/25 22:12:48 zsl]: [0mEpoch: [66][ 0/14]	L_zsl 0.0414 (0.0414)	L_cls 0.5458 (0.5458)
[32m[04/25 22:13:39 zsl]: [0mEpoch: [66][10/14]	L_zsl 0.0421 (0.0424)	L_cls 0.6180 (0.6407)
[32m[04/25 22:14:54 zsl]: [0m SS: 0.7711 UU: 0.6745 ST: 0.7424 UT: 0.3636 H: 0.4882
[32m[04/25 22:15:16 zsl]: [0mEpoch: [67][ 0/14]	L_zsl 0.0421 (0.0421)	L_cls 0.6616 (0.6616)
[32m[04/25 22:16:06 zsl]: [0mEpoch: [67][10/14]	L_zsl 0.0426 (0.0420)	L_cls 0.6964 (0.6354)
[32m[04/25 22:17:22 zsl]: [0m SS: 0.7731 UU: 0.6742 ST: 0.7451 UT: 0.3640 H: 0.4891
[32m[04/25 22:17:42 zsl]: [0mEpoch: [68][ 0/14]	L_zsl 0.0414 (0.0414)	L_cls 0.6393 (0.6393)
[32m[04/25 22:18:32 zsl]: [0mEpoch: [68][10/14]	L_zsl 0.0429 (0.0417)	L_cls 0.7642 (0.6682)
[32m[04/25 22:19:49 zsl]: [0m SS: 0.7724 UU: 0.6752 ST: 0.7433 UT: 0.3646 H: 0.4893
[32m[04/25 22:20:06 zsl]: [0mEpoch: [69][ 0/14]	L_zsl 0.0415 (0.0415)	L_cls 0.6210 (0.6210)
[32m[04/25 22:20:56 zsl]: [0mEpoch: [69][10/14]	L_zsl 0.0427 (0.0415)	L_cls 0.6613 (0.6403)
[32m[04/25 22:22:10 zsl]: [0m SS: 0.7728 UU: 0.6740 ST: 0.7445 UT: 0.3646 H: 0.4895
[32m[04/25 22:22:28 zsl]: [0mEpoch: [70][ 0/14]	L_zsl 0.0413 (0.0413)	L_cls 0.7232 (0.7232)
[32m[04/25 22:23:18 zsl]: [0mEpoch: [70][10/14]	L_zsl 0.0417 (0.0416)	L_cls 0.6750 (0.6842)
[32m[04/25 22:24:33 zsl]: [0m SS: 0.7725 UU: 0.6782 ST: 0.7435 UT: 0.3636 H: 0.4884
[32m[04/25 22:24:50 zsl]: [0mEpoch: [71][ 0/14]	L_zsl 0.0418 (0.0418)	L_cls 0.6930 (0.6930)
[32m[04/25 22:25:41 zsl]: [0mEpoch: [71][10/14]	L_zsl 0.0403 (0.0412)	L_cls 0.6177 (0.6548)
[32m[04/25 22:26:56 zsl]: [0m SS: 0.7718 UU: 0.6765 ST: 0.7428 UT: 0.3643 H: 0.4888
[32m[04/25 22:27:18 zsl]: [0mEpoch: [72][ 0/14]	L_zsl 0.0414 (0.0414)	L_cls 0.7191 (0.7191)
[32m[04/25 22:28:09 zsl]: [0mEpoch: [72][10/14]	L_zsl 0.0413 (0.0413)	L_cls 0.5887 (0.6302)
[32m[04/25 22:29:23 zsl]: [0m SS: 0.7723 UU: 0.6759 ST: 0.7414 UT: 0.3647 H: 0.4889
[32m[04/25 22:29:40 zsl]: [0mEpoch: [73][ 0/14]	L_zsl 0.0403 (0.0403)	L_cls 0.5709 (0.5709)
[32m[04/25 22:30:31 zsl]: [0mEpoch: [73][10/14]	L_zsl 0.0405 (0.0404)	L_cls 0.6605 (0.6459)
[32m[04/25 22:31:49 zsl]: [0m SS: 0.7719 UU: 0.6793 ST: 0.7417 UT: 0.3653 H: 0.4895
[32m[04/25 22:32:05 zsl]: [0mEpoch: [74][ 0/14]	L_zsl 0.0405 (0.0405)	L_cls 0.5893 (0.5893)
[32m[04/25 22:32:57 zsl]: [0mEpoch: [74][10/14]	L_zsl 0.0403 (0.0404)	L_cls 0.6607 (0.6123)
[32m[04/25 22:34:15 zsl]: [0m SS: 0.7699 UU: 0.6779 ST: 0.7414 UT: 0.3643 H: 0.4885
[32m[04/25 22:34:34 zsl]: [0mEpoch: [75][ 0/14]	L_zsl 0.0413 (0.0413)	L_cls 0.6212 (0.6212)
[32m[04/25 22:35:24 zsl]: [0mEpoch: [75][10/14]	L_zsl 0.0408 (0.0410)	L_cls 0.8643 (0.6836)
[32m[04/25 22:36:40 zsl]: [0m SS: 0.7694 UU: 0.6782 ST: 0.7413 UT: 0.3640 H: 0.4883
[32m[04/25 22:36:57 zsl]: [0mEpoch: [76][ 0/14]	L_zsl 0.0397 (0.0397)	L_cls 0.7252 (0.7252)
[32m[04/25 22:37:47 zsl]: [0mEpoch: [76][10/14]	L_zsl 0.0397 (0.0402)	L_cls 0.5953 (0.6514)
[32m[04/25 22:39:03 zsl]: [0m SS: 0.7713 UU: 0.6776 ST: 0.7435 UT: 0.3624 H: 0.4873
[32m[04/25 22:39:22 zsl]: [0mEpoch: [77][ 0/14]	L_zsl 0.0395 (0.0395)	L_cls 0.5761 (0.5761)
[32m[04/25 22:40:12 zsl]: [0mEpoch: [77][10/14]	L_zsl 0.0403 (0.0403)	L_cls 0.6844 (0.6258)
[32m[04/25 22:41:30 zsl]: [0m SS: 0.7708 UU: 0.6775 ST: 0.7419 UT: 0.3643 H: 0.4886
[32m[04/25 22:41:50 zsl]: [0mEpoch: [78][ 0/14]	L_zsl 0.0407 (0.0407)	L_cls 0.6942 (0.6942)
[32m[04/25 22:42:40 zsl]: [0mEpoch: [78][10/14]	L_zsl 0.0393 (0.0401)	L_cls 0.6310 (0.6473)
[32m[04/25 22:43:55 zsl]: [0m SS: 0.7713 UU: 0.6788 ST: 0.7436 UT: 0.3643 H: 0.4891
[32m[04/25 22:44:13 zsl]: [0mEpoch: [79][ 0/14]	L_zsl 0.0402 (0.0402)	L_cls 0.6966 (0.6966)
[32m[04/25 22:45:03 zsl]: [0mEpoch: [79][10/14]	L_zsl 0.0395 (0.0398)	L_cls 0.6373 (0.6662)
[32m[04/25 22:46:19 zsl]: [0m SS: 0.7707 UU: 0.6792 ST: 0.7451 UT: 0.3610 H: 0.4863
