nohup: ignoring input
['build_position_encoding', 'load_state_dict_from_url']
[32m[04/25 19:29:22 zsl]: [0mNamespace(L_cls=1.0, att_emb_dim=8, backbone='resnet101', batch_size=64, data='../../data/CUB_200_2011/CUB_200_2011/images/', data_name='cub', dist_backend='gloo', dist_url='tcp://224.66.41.62:23456', distributed=False, epoch_decay=30, epochs=90, flipping_test=False, gpu=None, is_fix=False, is_syncbn=False, local_rank=0, logger=<Logger zsl (DEBUG)>, lr=0.0003, model='dpn', momentum=0.9, n_dec=3, n_enc=0, print_freq=10, resume='output/cub/run_r101_dpn_bs64_lr3e-4_fixfrombs32/fix.model', save_path='output/cub/run_r101_dpn_bs64_lr3e-4_fixfrombs32', seed=535, start_epoch=0, vis_emb_dim=512, weight_decay=0.0001, workers=32, world_size=1)
[32m[04/25 19:29:22 zsl]: [0m==> random seed: 535
[32m[04/25 19:29:27 zsl]: [0m=> loading checkpoint 'output/cub/run_r101_dpn_bs64_lr3e-4_fixfrombs32/fix.model'
[32m[04/25 19:29:27 zsl]: [0m=> pretrained acc 0.5061
[32m[04/25 19:29:28 zsl]: [0m=> loaded checkpoint 'output/cub/run_r101_dpn_bs64_lr3e-4_fixfrombs32/fix.model' (epoch 42)
[32m[04/25 19:29:52 zsl]: [0mEpoch: [0][  0/111]	L_zsl 0.0424 (0.0424)	L_cls 3.4550 (3.4550)
[32m[04/25 19:30:12 zsl]: [0mEpoch: [0][ 10/111]	L_zsl 0.1631 (0.1609)	L_cls 2.4025 (2.7852)
[32m[04/25 19:30:31 zsl]: [0mEpoch: [0][ 20/111]	L_zsl 0.1453 (0.1602)	L_cls 2.2892 (2.6334)
[32m[04/25 19:30:50 zsl]: [0mEpoch: [0][ 30/111]	L_zsl 0.2031 (0.1636)	L_cls 2.1817 (2.4849)
[32m[04/25 19:31:10 zsl]: [0mEpoch: [0][ 40/111]	L_zsl 0.1526 (0.1614)	L_cls 2.5943 (2.4220)
[32m[04/25 19:31:29 zsl]: [0mEpoch: [0][ 50/111]	L_zsl 0.1875 (0.1642)	L_cls 1.9688 (2.3589)
[32m[04/25 19:31:49 zsl]: [0mEpoch: [0][ 60/111]	L_zsl 0.1538 (0.1621)	L_cls 2.0330 (2.2889)
[32m[04/25 19:32:08 zsl]: [0mEpoch: [0][ 70/111]	L_zsl 0.1475 (0.1628)	L_cls 1.9478 (2.2615)
[32m[04/25 19:32:28 zsl]: [0mEpoch: [0][ 80/111]	L_zsl 0.1652 (0.1622)	L_cls 2.1461 (2.2442)
[32m[04/25 19:32:47 zsl]: [0mEpoch: [0][ 90/111]	L_zsl 0.2281 (0.1641)	L_cls 1.6914 (2.1976)
[32m[04/25 19:33:06 zsl]: [0mEpoch: [0][100/111]	L_zsl 0.1392 (0.1633)	L_cls 2.0827 (2.1765)
[32m[04/25 19:33:34 zsl]: [0mEpoch: [0][110/111]	L_zsl 0.1632 (0.1622)	L_cls 1.8802 (2.1459)
/home/v-shaomi/anaconda3/lib/python3.7/site-packages/torch/nn/functional.py:1569: UserWarning: nn.functional.sigmoid is deprecated. Use torch.sigmoid instead.
  warnings.warn("nn.functional.sigmoid is deprecated. Use torch.sigmoid instead.")
[32m[04/25 19:34:39 zsl]: [0m SS: 0.4048 UU: 0.4142 ST: 0.3685 UT: 0.1776 H: 0.2397
[32m[04/25 19:34:45 zsl]: [0mEpoch: [1][  0/111]	L_zsl 0.1644 (0.1644)	L_cls 2.3106 (2.3106)
[32m[04/25 19:35:05 zsl]: [0mEpoch: [1][ 10/111]	L_zsl 0.1868 (0.1597)	L_cls 1.4888 (1.8333)
[32m[04/25 19:35:25 zsl]: [0mEpoch: [1][ 20/111]	L_zsl 0.1208 (0.1520)	L_cls 1.3659 (1.7424)
[32m[04/25 19:35:44 zsl]: [0mEpoch: [1][ 30/111]	L_zsl 0.1750 (0.1534)	L_cls 1.6898 (1.7380)
[32m[04/25 19:36:04 zsl]: [0mEpoch: [1][ 40/111]	L_zsl 0.1369 (0.1536)	L_cls 1.9398 (1.7336)
[32m[04/25 19:36:23 zsl]: [0mEpoch: [1][ 50/111]	L_zsl 0.1574 (0.1545)	L_cls 1.9302 (1.7193)
[32m[04/25 19:36:43 zsl]: [0mEpoch: [1][ 60/111]	L_zsl 0.1602 (0.1524)	L_cls 1.7141 (1.6865)
[32m[04/25 19:37:02 zsl]: [0mEpoch: [1][ 70/111]	L_zsl 0.1623 (0.1511)	L_cls 1.6873 (1.6876)
[32m[04/25 19:37:22 zsl]: [0mEpoch: [1][ 80/111]	L_zsl 0.1398 (0.1504)	L_cls 1.0870 (1.6678)
[32m[04/25 19:37:41 zsl]: [0mEpoch: [1][ 90/111]	L_zsl 0.1277 (0.1493)	L_cls 1.7199 (1.6663)
[32m[04/25 19:38:00 zsl]: [0mEpoch: [1][100/111]	L_zsl 0.1583 (0.1488)	L_cls 1.6809 (1.6530)
[32m[04/25 19:38:19 zsl]: [0mEpoch: [1][110/111]	L_zsl 0.1268 (0.1491)	L_cls 1.3999 (1.6509)
[32m[04/25 19:39:15 zsl]: [0m SS: 0.5284 UU: 0.5553 ST: 0.4914 UT: 0.2999 H: 0.3725
[32m[04/25 19:39:21 zsl]: [0mEpoch: [2][  0/111]	L_zsl 0.1229 (0.1229)	L_cls 1.2162 (1.2162)
[32m[04/25 19:39:41 zsl]: [0mEpoch: [2][ 10/111]	L_zsl 0.1312 (0.1532)	L_cls 1.2986 (1.4543)
[32m[04/25 19:40:00 zsl]: [0mEpoch: [2][ 20/111]	L_zsl 0.1588 (0.1543)	L_cls 1.7908 (1.4889)
[32m[04/25 19:40:20 zsl]: [0mEpoch: [2][ 30/111]	L_zsl 0.1275 (0.1486)	L_cls 1.1876 (1.4583)
[32m[04/25 19:40:40 zsl]: [0mEpoch: [2][ 40/111]	L_zsl 0.1480 (0.1465)	L_cls 1.6778 (1.4576)
[32m[04/25 19:40:59 zsl]: [0mEpoch: [2][ 50/111]	L_zsl 0.1396 (0.1464)	L_cls 2.1414 (1.4851)
[32m[04/25 19:41:18 zsl]: [0mEpoch: [2][ 60/111]	L_zsl 0.1637 (0.1459)	L_cls 1.7843 (1.4893)
[32m[04/25 19:41:38 zsl]: [0mEpoch: [2][ 70/111]	L_zsl 0.0981 (0.1444)	L_cls 1.4743 (1.4931)
[32m[04/25 19:41:58 zsl]: [0mEpoch: [2][ 80/111]	L_zsl 0.1641 (0.1429)	L_cls 1.6316 (1.4946)
[32m[04/25 19:42:17 zsl]: [0mEpoch: [2][ 90/111]	L_zsl 0.1310 (0.1427)	L_cls 1.2721 (1.4966)
[32m[04/25 19:42:36 zsl]: [0mEpoch: [2][100/111]	L_zsl 0.1197 (0.1413)	L_cls 1.3104 (1.4875)
[32m[04/25 19:42:55 zsl]: [0mEpoch: [2][110/111]	L_zsl 0.1423 (0.1411)	L_cls 2.1540 (1.4954)
[32m[04/25 19:43:51 zsl]: [0m SS: 0.5610 UU: 0.5701 ST: 0.5377 UT: 0.2427 H: 0.3345
[32m[04/25 19:43:58 zsl]: [0mEpoch: [3][  0/111]	L_zsl 0.1608 (0.1608)	L_cls 1.7227 (1.7227)
[32m[04/25 19:44:17 zsl]: [0mEpoch: [3][ 10/111]	L_zsl 0.1246 (0.1491)	L_cls 1.3925 (1.5870)
[32m[04/25 19:44:37 zsl]: [0mEpoch: [3][ 20/111]	L_zsl 0.1219 (0.1473)	L_cls 1.6285 (1.5238)
[32m[04/25 19:44:57 zsl]: [0mEpoch: [3][ 30/111]	L_zsl 0.1316 (0.1452)	L_cls 1.2706 (1.4938)
[32m[04/25 19:45:16 zsl]: [0mEpoch: [3][ 40/111]	L_zsl 0.1151 (0.1426)	L_cls 1.6424 (1.4436)
[32m[04/25 19:45:36 zsl]: [0mEpoch: [3][ 50/111]	L_zsl 0.1621 (0.1431)	L_cls 1.0327 (1.4520)
[32m[04/25 19:45:55 zsl]: [0mEpoch: [3][ 60/111]	L_zsl 0.1239 (0.1414)	L_cls 1.4959 (1.4334)
[32m[04/25 19:46:15 zsl]: [0mEpoch: [3][ 70/111]	L_zsl 0.1304 (0.1402)	L_cls 1.5693 (1.4218)
[32m[04/25 19:46:34 zsl]: [0mEpoch: [3][ 80/111]	L_zsl 0.1331 (0.1388)	L_cls 1.5883 (1.4096)
[32m[04/25 19:46:54 zsl]: [0mEpoch: [3][ 90/111]	L_zsl 0.1186 (0.1383)	L_cls 1.1218 (1.3893)
[32m[04/25 19:47:14 zsl]: [0mEpoch: [3][100/111]	L_zsl 0.1532 (0.1379)	L_cls 1.5005 (1.3938)
[32m[04/25 19:47:32 zsl]: [0mEpoch: [3][110/111]	L_zsl 0.1105 (0.1385)	L_cls 1.1660 (1.3962)
[32m[04/25 19:48:27 zsl]: [0m SS: 0.6676 UU: 0.6285 ST: 0.6296 UT: 0.3149 H: 0.4198
[32m[04/25 19:48:33 zsl]: [0mEpoch: [4][  0/111]	L_zsl 0.1344 (0.1344)	L_cls 1.2783 (1.2783)
[32m[04/25 19:48:53 zsl]: [0mEpoch: [4][ 10/111]	L_zsl 0.1271 (0.1557)	L_cls 1.3740 (1.3767)
[32m[04/25 19:49:12 zsl]: [0mEpoch: [4][ 20/111]	L_zsl 0.1292 (0.1462)	L_cls 1.0349 (1.3612)
[32m[04/25 19:49:32 zsl]: [0mEpoch: [4][ 30/111]	L_zsl 0.1516 (0.1453)	L_cls 1.6605 (1.3460)
[32m[04/25 19:49:51 zsl]: [0mEpoch: [4][ 40/111]	L_zsl 0.1224 (0.1398)	L_cls 1.3802 (1.3106)
[32m[04/25 19:50:11 zsl]: [0mEpoch: [4][ 50/111]	L_zsl 0.1470 (0.1401)	L_cls 1.1409 (1.3171)
[32m[04/25 19:50:31 zsl]: [0mEpoch: [4][ 60/111]	L_zsl 0.1456 (0.1391)	L_cls 1.2576 (1.3204)
[32m[04/25 19:50:50 zsl]: [0mEpoch: [4][ 70/111]	L_zsl 0.1348 (0.1384)	L_cls 1.2339 (1.3185)
[32m[04/25 19:51:10 zsl]: [0mEpoch: [4][ 80/111]	L_zsl 0.1413 (0.1374)	L_cls 1.2072 (1.3256)
[32m[04/25 19:51:29 zsl]: [0mEpoch: [4][ 90/111]	L_zsl 0.1208 (0.1365)	L_cls 1.4266 (1.3174)
[32m[04/25 19:51:48 zsl]: [0mEpoch: [4][100/111]	L_zsl 0.1099 (0.1352)	L_cls 1.4123 (1.3118)
[32m[04/25 19:52:07 zsl]: [0mEpoch: [4][110/111]	L_zsl 0.1303 (0.1343)	L_cls 1.5118 (1.2981)
[32m[04/25 19:53:02 zsl]: [0m SS: 0.6666 UU: 0.5908 ST: 0.6196 UT: 0.2993 H: 0.4037
[32m[04/25 19:53:08 zsl]: [0mEpoch: [5][  0/111]	L_zsl 0.1319 (0.1319)	L_cls 1.4121 (1.4121)
[32m[04/25 19:53:28 zsl]: [0mEpoch: [5][ 10/111]	L_zsl 0.1206 (0.1524)	L_cls 1.4812 (1.3911)
[32m[04/25 19:53:48 zsl]: [0mEpoch: [5][ 20/111]	L_zsl 0.1099 (0.1387)	L_cls 1.0409 (1.2616)
[32m[04/25 19:54:07 zsl]: [0mEpoch: [5][ 30/111]	L_zsl 0.1131 (0.1327)	L_cls 1.0094 (1.2158)
[32m[04/25 19:54:27 zsl]: [0mEpoch: [5][ 40/111]	L_zsl 0.1289 (0.1337)	L_cls 1.0762 (1.2094)
[32m[04/25 19:54:46 zsl]: [0mEpoch: [5][ 50/111]	L_zsl 0.1104 (0.1331)	L_cls 1.1724 (1.2053)
[32m[04/25 19:55:05 zsl]: [0mEpoch: [5][ 60/111]	L_zsl 0.1176 (0.1316)	L_cls 1.1165 (1.2053)
[32m[04/25 19:55:25 zsl]: [0mEpoch: [5][ 70/111]	L_zsl 0.1521 (0.1320)	L_cls 1.5035 (1.2187)
[32m[04/25 19:55:44 zsl]: [0mEpoch: [5][ 80/111]	L_zsl 0.1299 (0.1322)	L_cls 1.3375 (1.2138)
[32m[04/25 19:56:04 zsl]: [0mEpoch: [5][ 90/111]	L_zsl 0.1339 (0.1320)	L_cls 1.1945 (1.2132)
[32m[04/25 19:56:24 zsl]: [0mEpoch: [5][100/111]	L_zsl 0.1488 (0.1318)	L_cls 1.2868 (1.2203)
[32m[04/25 19:56:42 zsl]: [0mEpoch: [5][110/111]	L_zsl 0.1342 (0.1311)	L_cls 1.1443 (1.2095)
[32m[04/25 19:57:37 zsl]: [0m SS: 0.7190 UU: 0.6406 ST: 0.6954 UT: 0.3192 H: 0.4375
[32m[04/25 19:57:44 zsl]: [0mEpoch: [6][  0/111]	L_zsl 0.1223 (0.1223)	L_cls 1.0174 (1.0174)
[32m[04/25 19:58:03 zsl]: [0mEpoch: [6][ 10/111]	L_zsl 0.1190 (0.1404)	L_cls 1.4519 (1.1937)
[32m[04/25 19:58:23 zsl]: [0mEpoch: [6][ 20/111]	L_zsl 0.1557 (0.1366)	L_cls 1.1548 (1.1823)
[32m[04/25 19:58:42 zsl]: [0mEpoch: [6][ 30/111]	L_zsl 0.1067 (0.1328)	L_cls 1.3981 (1.2314)
[32m[04/25 19:59:02 zsl]: [0mEpoch: [6][ 40/111]	L_zsl 0.1318 (0.1292)	L_cls 1.0529 (1.2070)
[32m[04/25 19:59:22 zsl]: [0mEpoch: [6][ 50/111]	L_zsl 0.1219 (0.1305)	L_cls 1.2405 (1.2229)
[32m[04/25 19:59:41 zsl]: [0mEpoch: [6][ 60/111]	L_zsl 0.1060 (0.1300)	L_cls 0.8520 (1.2133)
[32m[04/25 20:00:01 zsl]: [0mEpoch: [6][ 70/111]	L_zsl 0.1225 (0.1306)	L_cls 1.4625 (1.2219)
[32m[04/25 20:00:20 zsl]: [0mEpoch: [6][ 80/111]	L_zsl 0.1223 (0.1302)	L_cls 1.2570 (1.2170)
[32m[04/25 20:00:40 zsl]: [0mEpoch: [6][ 90/111]	L_zsl 0.1003 (0.1276)	L_cls 0.8328 (1.1970)
[32m[04/25 20:00:59 zsl]: [0mEpoch: [6][100/111]	L_zsl 0.1240 (0.1267)	L_cls 0.9840 (1.1948)
[32m[04/25 20:01:18 zsl]: [0mEpoch: [6][110/111]	L_zsl 0.1310 (0.1259)	L_cls 1.6505 (1.1814)
[32m[04/25 20:02:13 zsl]: [0m SS: 0.6764 UU: 0.6492 ST: 0.6552 UT: 0.3007 H: 0.4122
[32m[04/25 20:02:20 zsl]: [0mEpoch: [7][  0/111]	L_zsl 0.1294 (0.1294)	L_cls 1.6082 (1.6082)
[32m[04/25 20:02:40 zsl]: [0mEpoch: [7][ 10/111]	L_zsl 0.1137 (0.1377)	L_cls 1.0938 (1.3487)
[32m[04/25 20:03:00 zsl]: [0mEpoch: [7][ 20/111]	L_zsl 0.1221 (0.1267)	L_cls 1.3339 (1.1965)
[32m[04/25 20:03:19 zsl]: [0mEpoch: [7][ 30/111]	L_zsl 0.1171 (0.1201)	L_cls 1.4715 (1.1581)
[32m[04/25 20:03:39 zsl]: [0mEpoch: [7][ 40/111]	L_zsl 0.1297 (0.1212)	L_cls 1.3198 (1.1270)
[32m[04/25 20:03:58 zsl]: [0mEpoch: [7][ 50/111]	L_zsl 0.1156 (0.1223)	L_cls 1.0095 (1.1339)
[32m[04/25 20:04:18 zsl]: [0mEpoch: [7][ 60/111]	L_zsl 0.1408 (0.1224)	L_cls 0.8891 (1.1224)
[32m[04/25 20:04:37 zsl]: [0mEpoch: [7][ 70/111]	L_zsl 0.1324 (0.1219)	L_cls 0.6990 (1.1232)
[32m[04/25 20:04:57 zsl]: [0mEpoch: [7][ 80/111]	L_zsl 0.1244 (0.1209)	L_cls 1.2117 (1.1210)
[32m[04/25 20:05:16 zsl]: [0mEpoch: [7][ 90/111]	L_zsl 0.1209 (0.1195)	L_cls 0.7166 (1.1167)
[32m[04/25 20:05:36 zsl]: [0mEpoch: [7][100/111]	L_zsl 0.1044 (0.1197)	L_cls 0.9848 (1.1161)
[32m[04/25 20:05:54 zsl]: [0mEpoch: [7][110/111]	L_zsl 0.1141 (0.1195)	L_cls 0.6948 (1.1156)
[32m[04/25 20:06:51 zsl]: [0m SS: 0.7266 UU: 0.6520 ST: 0.6999 UT: 0.3405 H: 0.4581
[32m[04/25 20:06:56 zsl]: [0mEpoch: [8][  0/111]	L_zsl 0.1067 (0.1067)	L_cls 0.8233 (0.8233)
[32m[04/25 20:07:16 zsl]: [0mEpoch: [8][ 10/111]	L_zsl 0.1246 (0.1224)	L_cls 1.0245 (1.1016)
[32m[04/25 20:07:35 zsl]: [0mEpoch: [8][ 20/111]	L_zsl 0.1229 (0.1210)	L_cls 1.2248 (1.1193)
[32m[04/25 20:07:55 zsl]: [0mEpoch: [8][ 30/111]	L_zsl 0.1380 (0.1200)	L_cls 0.7539 (1.0717)
[32m[04/25 20:08:15 zsl]: [0mEpoch: [8][ 40/111]	L_zsl 0.1222 (0.1198)	L_cls 0.9762 (1.0722)
[32m[04/25 20:08:34 zsl]: [0mEpoch: [8][ 50/111]	L_zsl 0.0933 (0.1175)	L_cls 0.9700 (1.0665)
[32m[04/25 20:08:54 zsl]: [0mEpoch: [8][ 60/111]	L_zsl 0.1192 (0.1170)	L_cls 1.3245 (1.0592)
[32m[04/25 20:09:13 zsl]: [0mEpoch: [8][ 70/111]	L_zsl 0.1080 (0.1156)	L_cls 1.3530 (1.0607)
[32m[04/25 20:09:33 zsl]: [0mEpoch: [8][ 80/111]	L_zsl 0.0834 (0.1151)	L_cls 1.2224 (1.0656)
[32m[04/25 20:09:52 zsl]: [0mEpoch: [8][ 90/111]	L_zsl 0.1135 (0.1150)	L_cls 1.2172 (1.0692)
[32m[04/25 20:10:12 zsl]: [0mEpoch: [8][100/111]	L_zsl 0.1090 (0.1148)	L_cls 1.1438 (1.0621)
[32m[04/25 20:10:30 zsl]: [0mEpoch: [8][110/111]	L_zsl 0.1290 (0.1152)	L_cls 2.1427 (1.0738)
[32m[04/25 20:11:26 zsl]: [0m SS: 0.6508 UU: 0.5680 ST: 0.6153 UT: 0.2956 H: 0.3993
[32m[04/25 20:11:32 zsl]: [0mEpoch: [9][  0/111]	L_zsl 0.1259 (0.1259)	L_cls 1.3115 (1.3115)
[32m[04/25 20:11:51 zsl]: [0mEpoch: [9][ 10/111]	L_zsl 0.1156 (0.1405)	L_cls 0.9969 (1.1086)
[32m[04/25 20:12:11 zsl]: [0mEpoch: [9][ 20/111]	L_zsl 0.1230 (0.1294)	L_cls 1.1658 (1.0745)
[32m[04/25 20:12:31 zsl]: [0mEpoch: [9][ 30/111]	L_zsl 0.0885 (0.1263)	L_cls 1.0128 (1.0634)
[32m[04/25 20:12:50 zsl]: [0mEpoch: [9][ 40/111]	L_zsl 0.1034 (0.1225)	L_cls 0.9042 (1.0517)
[32m[04/25 20:13:10 zsl]: [0mEpoch: [9][ 50/111]	L_zsl 0.0844 (0.1192)	L_cls 0.7517 (1.0494)
[32m[04/25 20:13:29 zsl]: [0mEpoch: [9][ 60/111]	L_zsl 0.1187 (0.1185)	L_cls 0.6976 (1.0552)
[32m[04/25 20:13:49 zsl]: [0mEpoch: [9][ 70/111]	L_zsl 0.0955 (0.1176)	L_cls 1.0671 (1.0572)
[32m[04/25 20:14:08 zsl]: [0mEpoch: [9][ 80/111]	L_zsl 0.1116 (0.1166)	L_cls 1.0745 (1.0614)
[32m[04/25 20:14:28 zsl]: [0mEpoch: [9][ 90/111]	L_zsl 0.1046 (0.1171)	L_cls 1.0702 (1.0750)
[32m[04/25 20:14:47 zsl]: [0mEpoch: [9][100/111]	L_zsl 0.1178 (0.1165)	L_cls 0.9350 (1.0625)
[32m[04/25 20:15:06 zsl]: [0mEpoch: [9][110/111]	L_zsl 0.1250 (0.1160)	L_cls 1.9372 (1.0795)
[32m[04/25 20:16:00 zsl]: [0m SS: 0.6509 UU: 0.5823 ST: 0.6307 UT: 0.2996 H: 0.4063
[32m[04/25 20:16:07 zsl]: [0mEpoch: [10][  0/111]	L_zsl 0.1657 (0.1657)	L_cls 1.3826 (1.3826)
[32m[04/25 20:16:27 zsl]: [0mEpoch: [10][ 10/111]	L_zsl 0.1097 (0.1398)	L_cls 0.8727 (1.2612)
[32m[04/25 20:16:46 zsl]: [0mEpoch: [10][ 20/111]	L_zsl 0.0957 (0.1268)	L_cls 1.0492 (1.1609)
[32m[04/25 20:17:06 zsl]: [0mEpoch: [10][ 30/111]	L_zsl 0.1070 (0.1188)	L_cls 1.0647 (1.1213)
[32m[04/25 20:17:26 zsl]: [0mEpoch: [10][ 40/111]	L_zsl 0.0937 (0.1156)	L_cls 0.9843 (1.0929)
[32m[04/25 20:17:45 zsl]: [0mEpoch: [10][ 50/111]	L_zsl 0.1220 (0.1145)	L_cls 1.4364 (1.0837)
[32m[04/25 20:18:05 zsl]: [0mEpoch: [10][ 60/111]	L_zsl 0.0928 (0.1125)	L_cls 1.1266 (1.0573)
[32m[04/25 20:18:24 zsl]: [0mEpoch: [10][ 70/111]	L_zsl 0.0913 (0.1115)	L_cls 0.7411 (1.0475)
[32m[04/25 20:18:44 zsl]: [0mEpoch: [10][ 80/111]	L_zsl 0.1138 (0.1115)	L_cls 0.8975 (1.0354)
[32m[04/25 20:19:03 zsl]: [0mEpoch: [10][ 90/111]	L_zsl 0.1144 (0.1104)	L_cls 1.1206 (1.0385)
[32m[04/25 20:19:23 zsl]: [0mEpoch: [10][100/111]	L_zsl 0.1056 (0.1112)	L_cls 1.5219 (1.0555)
[32m[04/25 20:19:41 zsl]: [0mEpoch: [10][110/111]	L_zsl 0.1049 (0.1106)	L_cls 0.9935 (1.0538)
[32m[04/25 20:20:37 zsl]: [0m SS: 0.6878 UU: 0.5877 ST: 0.6659 UT: 0.2879 H: 0.4020
[32m[04/25 20:20:43 zsl]: [0mEpoch: [11][  0/111]	L_zsl 0.1280 (0.1280)	L_cls 0.8097 (0.8097)
[32m[04/25 20:21:03 zsl]: [0mEpoch: [11][ 10/111]	L_zsl 0.0941 (0.1115)	L_cls 1.2061 (1.0553)
[32m[04/25 20:21:22 zsl]: [0mEpoch: [11][ 20/111]	L_zsl 0.1106 (0.1088)	L_cls 0.6340 (0.9703)
[32m[04/25 20:21:42 zsl]: [0mEpoch: [11][ 30/111]	L_zsl 0.1023 (0.1082)	L_cls 1.2502 (0.9987)
[32m[04/25 20:22:02 zsl]: [0mEpoch: [11][ 40/111]	L_zsl 0.1147 (0.1097)	L_cls 0.8046 (1.0007)
[32m[04/25 20:22:21 zsl]: [0mEpoch: [11][ 50/111]	L_zsl 0.1138 (0.1090)	L_cls 1.0146 (0.9818)
[32m[04/25 20:22:41 zsl]: [0mEpoch: [11][ 60/111]	L_zsl 0.0964 (0.1087)	L_cls 0.7691 (0.9835)
[32m[04/25 20:23:00 zsl]: [0mEpoch: [11][ 70/111]	L_zsl 0.0853 (0.1075)	L_cls 1.2864 (0.9819)
[32m[04/25 20:23:20 zsl]: [0mEpoch: [11][ 80/111]	L_zsl 0.1015 (0.1071)	L_cls 0.9855 (0.9743)
[32m[04/25 20:23:40 zsl]: [0mEpoch: [11][ 90/111]	L_zsl 0.1187 (0.1074)	L_cls 0.9602 (0.9853)
[32m[04/25 20:23:59 zsl]: [0mEpoch: [11][100/111]	L_zsl 0.0922 (0.1074)	L_cls 1.2421 (0.9798)
[32m[04/25 20:24:18 zsl]: [0mEpoch: [11][110/111]	L_zsl 0.1094 (0.1065)	L_cls 0.5147 (0.9707)
[32m[04/25 20:25:14 zsl]: [0m SS: 0.7338 UU: 0.5983 ST: 0.7062 UT: 0.3016 H: 0.4227
[32m[04/25 20:25:22 zsl]: [0mEpoch: [12][  0/111]	L_zsl 0.1074 (0.1074)	L_cls 1.0342 (1.0342)
[32m[04/25 20:25:42 zsl]: [0mEpoch: [12][ 10/111]	L_zsl 0.0992 (0.1120)	L_cls 0.9106 (0.9631)
[32m[04/25 20:26:01 zsl]: [0mEpoch: [12][ 20/111]	L_zsl 0.1087 (0.1057)	L_cls 1.0365 (0.9573)
[32m[04/25 20:26:21 zsl]: [0mEpoch: [12][ 30/111]	L_zsl 0.1279 (0.1068)	L_cls 1.1442 (0.9803)
[32m[04/25 20:26:41 zsl]: [0mEpoch: [12][ 40/111]	L_zsl 0.1056 (0.1050)	L_cls 0.4370 (0.9453)
[32m[04/25 20:27:00 zsl]: [0mEpoch: [12][ 50/111]	L_zsl 0.0887 (0.1032)	L_cls 1.2159 (0.9475)
[32m[04/25 20:27:20 zsl]: [0mEpoch: [12][ 60/111]	L_zsl 0.0934 (0.1030)	L_cls 1.0240 (0.9528)
[32m[04/25 20:27:39 zsl]: [0mEpoch: [12][ 70/111]	L_zsl 0.1058 (0.1028)	L_cls 0.8681 (0.9612)
[32m[04/25 20:27:59 zsl]: [0mEpoch: [12][ 80/111]	L_zsl 0.0938 (0.1019)	L_cls 0.8766 (0.9510)
[32m[04/25 20:28:18 zsl]: [0mEpoch: [12][ 90/111]	L_zsl 0.1038 (0.1013)	L_cls 1.1400 (0.9524)
[32m[04/25 20:28:38 zsl]: [0mEpoch: [12][100/111]	L_zsl 0.0967 (0.1009)	L_cls 0.7556 (0.9543)
[32m[04/25 20:28:56 zsl]: [0mEpoch: [12][110/111]	L_zsl 0.1027 (0.1007)	L_cls 0.5038 (0.9546)
[32m[04/25 20:29:53 zsl]: [0m SS: 0.7621 UU: 0.6041 ST: 0.7407 UT: 0.3078 H: 0.4348
[32m[04/25 20:29:59 zsl]: [0mEpoch: [13][  0/111]	L_zsl 0.1053 (0.1053)	L_cls 1.2021 (1.2021)
[32m[04/25 20:30:18 zsl]: [0mEpoch: [13][ 10/111]	L_zsl 0.0981 (0.1078)	L_cls 0.8719 (0.8911)
[32m[04/25 20:30:38 zsl]: [0mEpoch: [13][ 20/111]	L_zsl 0.1053 (0.1101)	L_cls 1.0660 (0.9559)
[32m[04/25 20:30:57 zsl]: [0mEpoch: [13][ 30/111]	L_zsl 0.1083 (0.1090)	L_cls 0.8226 (0.9640)
[32m[04/25 20:31:17 zsl]: [0mEpoch: [13][ 40/111]	L_zsl 0.1730 (0.1083)	L_cls 0.8888 (0.9265)
[32m[04/25 20:31:37 zsl]: [0mEpoch: [13][ 50/111]	L_zsl 0.0847 (0.1076)	L_cls 0.7777 (0.9311)
[32m[04/25 20:31:56 zsl]: [0mEpoch: [13][ 60/111]	L_zsl 0.0903 (0.1064)	L_cls 0.7900 (0.9286)
[32m[04/25 20:32:16 zsl]: [0mEpoch: [13][ 70/111]	L_zsl 0.0868 (0.1066)	L_cls 0.8927 (0.9497)
[32m[04/25 20:32:35 zsl]: [0mEpoch: [13][ 80/111]	L_zsl 0.1028 (0.1062)	L_cls 0.9696 (0.9492)
[32m[04/25 20:32:55 zsl]: [0mEpoch: [13][ 90/111]	L_zsl 0.0938 (0.1046)	L_cls 0.7323 (0.9449)
[32m[04/25 20:33:14 zsl]: [0mEpoch: [13][100/111]	L_zsl 0.0956 (0.1042)	L_cls 1.0206 (0.9402)
[32m[04/25 20:33:33 zsl]: [0mEpoch: [13][110/111]	L_zsl 0.0760 (0.1030)	L_cls 0.9453 (0.9379)
[32m[04/25 20:34:29 zsl]: [0m SS: 0.7247 UU: 0.6508 ST: 0.6954 UT: 0.3488 H: 0.4645
[32m[04/25 20:34:35 zsl]: [0mEpoch: [14][  0/111]	L_zsl 0.1026 (0.1026)	L_cls 0.8192 (0.8192)
[32m[04/25 20:34:55 zsl]: [0mEpoch: [14][ 10/111]	L_zsl 0.1048 (0.1101)	L_cls 1.0649 (0.9589)
[32m[04/25 20:35:14 zsl]: [0mEpoch: [14][ 20/111]	L_zsl 0.1073 (0.1060)	L_cls 0.7224 (0.9489)
[32m[04/25 20:35:34 zsl]: [0mEpoch: [14][ 30/111]	L_zsl 0.1146 (0.1048)	L_cls 1.1347 (0.9549)
[32m[04/25 20:35:53 zsl]: [0mEpoch: [14][ 40/111]	L_zsl 0.0900 (0.1025)	L_cls 0.5397 (0.9408)
[32m[04/25 20:36:13 zsl]: [0mEpoch: [14][ 50/111]	L_zsl 0.1036 (0.1002)	L_cls 0.9499 (0.9301)
[32m[04/25 20:36:32 zsl]: [0mEpoch: [14][ 60/111]	L_zsl 0.0815 (0.0999)	L_cls 0.7255 (0.9404)
[32m[04/25 20:36:52 zsl]: [0mEpoch: [14][ 70/111]	L_zsl 0.1088 (0.1015)	L_cls 0.9381 (0.9518)
[32m[04/25 20:37:12 zsl]: [0mEpoch: [14][ 80/111]	L_zsl 0.0986 (0.1016)	L_cls 0.7804 (0.9444)
[32m[04/25 20:37:31 zsl]: [0mEpoch: [14][ 90/111]	L_zsl 0.0913 (0.1013)	L_cls 0.7553 (0.9456)
[32m[04/25 20:37:51 zsl]: [0mEpoch: [14][100/111]	L_zsl 0.0897 (0.1013)	L_cls 0.8145 (0.9503)
[32m[04/25 20:38:09 zsl]: [0mEpoch: [14][110/111]	L_zsl 0.1110 (0.1009)	L_cls 0.2962 (0.9387)
[32m[04/25 20:39:05 zsl]: [0m SS: 0.7556 UU: 0.6797 ST: 0.7333 UT: 0.3783 H: 0.4991
[32m[04/25 20:39:13 zsl]: [0mEpoch: [15][  0/111]	L_zsl 0.1006 (0.1006)	L_cls 1.0428 (1.0428)
[32m[04/25 20:39:32 zsl]: [0mEpoch: [15][ 10/111]	L_zsl 0.0897 (0.0954)	L_cls 0.6843 (0.9150)
[32m[04/25 20:39:52 zsl]: [0mEpoch: [15][ 20/111]	L_zsl 0.0951 (0.0982)	L_cls 0.6419 (0.8864)
[32m[04/25 20:40:11 zsl]: [0mEpoch: [15][ 30/111]	L_zsl 0.1163 (0.1003)	L_cls 0.7400 (0.9139)
[32m[04/25 20:40:31 zsl]: [0mEpoch: [15][ 40/111]	L_zsl 0.0968 (0.0973)	L_cls 1.2416 (0.9097)
[32m[04/25 20:40:51 zsl]: [0mEpoch: [15][ 50/111]	L_zsl 0.0814 (0.0951)	L_cls 0.8461 (0.8940)
[32m[04/25 20:41:10 zsl]: [0mEpoch: [15][ 60/111]	L_zsl 0.0918 (0.0957)	L_cls 0.9013 (0.8844)
[32m[04/25 20:41:30 zsl]: [0mEpoch: [15][ 70/111]	L_zsl 0.1021 (0.0965)	L_cls 0.9044 (0.8962)
[32m[04/25 20:41:49 zsl]: [0mEpoch: [15][ 80/111]	L_zsl 0.0945 (0.0953)	L_cls 0.8369 (0.8929)
[32m[04/25 20:42:09 zsl]: [0mEpoch: [15][ 90/111]	L_zsl 0.0809 (0.0945)	L_cls 0.5817 (0.8886)
[32m[04/25 20:42:29 zsl]: [0mEpoch: [15][100/111]	L_zsl 0.0884 (0.0947)	L_cls 1.0624 (0.8958)
[32m[04/25 20:42:47 zsl]: [0mEpoch: [15][110/111]	L_zsl 0.0870 (0.0946)	L_cls 0.8120 (0.8929)
[32m[04/25 20:43:43 zsl]: [0m SS: 0.7545 UU: 0.6247 ST: 0.7259 UT: 0.3590 H: 0.4804
[32m[04/25 20:43:49 zsl]: [0mEpoch: [16][  0/111]	L_zsl 0.0880 (0.0880)	L_cls 1.1987 (1.1987)
[32m[04/25 20:44:09 zsl]: [0mEpoch: [16][ 10/111]	L_zsl 0.0911 (0.1002)	L_cls 0.5019 (0.8476)
[32m[04/25 20:44:28 zsl]: [0mEpoch: [16][ 20/111]	L_zsl 0.0854 (0.0969)	L_cls 0.8353 (0.8091)
[32m[04/25 20:44:48 zsl]: [0mEpoch: [16][ 30/111]	L_zsl 0.0908 (0.0966)	L_cls 0.6580 (0.8297)
[32m[04/25 20:45:07 zsl]: [0mEpoch: [16][ 40/111]	L_zsl 0.0940 (0.0975)	L_cls 0.7369 (0.8440)
[32m[04/25 20:45:27 zsl]: [0mEpoch: [16][ 50/111]	L_zsl 0.0886 (0.0963)	L_cls 0.8496 (0.8531)
[32m[04/25 20:45:47 zsl]: [0mEpoch: [16][ 60/111]	L_zsl 0.1122 (0.0953)	L_cls 0.8822 (0.8582)
[32m[04/25 20:46:06 zsl]: [0mEpoch: [16][ 70/111]	L_zsl 0.1166 (0.0962)	L_cls 1.3912 (0.8764)
[32m[04/25 20:46:26 zsl]: [0mEpoch: [16][ 80/111]	L_zsl 0.1071 (0.0974)	L_cls 0.6378 (0.8798)
[32m[04/25 20:46:45 zsl]: [0mEpoch: [16][ 90/111]	L_zsl 0.1034 (0.0969)	L_cls 1.1364 (0.8953)
[32m[04/25 20:47:05 zsl]: [0mEpoch: [16][100/111]	L_zsl 0.1026 (0.0972)	L_cls 1.2498 (0.8829)
[32m[04/25 20:47:23 zsl]: [0mEpoch: [16][110/111]	L_zsl 0.0928 (0.0966)	L_cls 1.0798 (0.8890)
[32m[04/25 20:48:21 zsl]: [0m SS: 0.7771 UU: 0.6557 ST: 0.7489 UT: 0.3223 H: 0.4507
[32m[04/25 20:48:27 zsl]: [0mEpoch: [17][  0/111]	L_zsl 0.1256 (0.1256)	L_cls 0.6412 (0.6412)
[32m[04/25 20:48:47 zsl]: [0mEpoch: [17][ 10/111]	L_zsl 0.0881 (0.1128)	L_cls 0.8966 (0.9725)
[32m[04/25 20:49:06 zsl]: [0mEpoch: [17][ 20/111]	L_zsl 0.1184 (0.1022)	L_cls 0.5812 (0.9255)
[32m[04/25 20:49:26 zsl]: [0mEpoch: [17][ 30/111]	L_zsl 0.0926 (0.1021)	L_cls 0.9429 (0.9199)
[32m[04/25 20:49:45 zsl]: [0mEpoch: [17][ 40/111]	L_zsl 0.0946 (0.0999)	L_cls 0.7299 (0.9029)
[32m[04/25 20:50:05 zsl]: [0mEpoch: [17][ 50/111]	L_zsl 0.0847 (0.0976)	L_cls 1.0506 (0.8997)
[32m[04/25 20:50:25 zsl]: [0mEpoch: [17][ 60/111]	L_zsl 0.1174 (0.0965)	L_cls 0.7293 (0.8819)
[32m[04/25 20:50:44 zsl]: [0mEpoch: [17][ 70/111]	L_zsl 0.0970 (0.0965)	L_cls 0.8080 (0.8694)
[32m[04/25 20:51:04 zsl]: [0mEpoch: [17][ 80/111]	L_zsl 0.0970 (0.0963)	L_cls 0.9295 (0.8679)
[32m[04/25 20:51:23 zsl]: [0mEpoch: [17][ 90/111]	L_zsl 0.0823 (0.0955)	L_cls 0.5952 (0.8714)
[32m[04/25 20:51:43 zsl]: [0mEpoch: [17][100/111]	L_zsl 0.0889 (0.0950)	L_cls 0.8221 (0.8570)
[32m[04/25 20:52:01 zsl]: [0mEpoch: [17][110/111]	L_zsl 0.0732 (0.0944)	L_cls 1.1090 (0.8709)
[32m[04/25 20:52:57 zsl]: [0m SS: 0.7425 UU: 0.6629 ST: 0.7211 UT: 0.3511 H: 0.4723
[32m[04/25 20:53:04 zsl]: [0mEpoch: [18][  0/111]	L_zsl 0.0924 (0.0924)	L_cls 0.6451 (0.6451)
[32m[04/25 20:53:24 zsl]: [0mEpoch: [18][ 10/111]	L_zsl 0.0976 (0.1114)	L_cls 1.0623 (0.9989)
[32m[04/25 20:53:43 zsl]: [0mEpoch: [18][ 20/111]	L_zsl 0.0800 (0.1003)	L_cls 0.6873 (0.8753)
[32m[04/25 20:54:03 zsl]: [0mEpoch: [18][ 30/111]	L_zsl 0.0965 (0.0984)	L_cls 0.8896 (0.8713)
[32m[04/25 20:54:22 zsl]: [0mEpoch: [18][ 40/111]	L_zsl 0.0907 (0.0977)	L_cls 0.7537 (0.8586)
[32m[04/25 20:54:42 zsl]: [0mEpoch: [18][ 50/111]	L_zsl 0.0870 (0.0958)	L_cls 0.5882 (0.8532)
[32m[04/25 20:55:02 zsl]: [0mEpoch: [18][ 60/111]	L_zsl 0.0926 (0.0963)	L_cls 0.8813 (0.8609)
[32m[04/25 20:55:21 zsl]: [0mEpoch: [18][ 70/111]	L_zsl 0.0974 (0.0956)	L_cls 0.7054 (0.8559)
[32m[04/25 20:55:41 zsl]: [0mEpoch: [18][ 80/111]	L_zsl 0.0948 (0.0960)	L_cls 0.8634 (0.8491)
[32m[04/25 20:56:00 zsl]: [0mEpoch: [18][ 90/111]	L_zsl 0.0861 (0.0948)	L_cls 0.6638 (0.8447)
[32m[04/25 20:56:20 zsl]: [0mEpoch: [18][100/111]	L_zsl 0.0951 (0.0942)	L_cls 0.9864 (0.8520)
[32m[04/25 20:56:38 zsl]: [0mEpoch: [18][110/111]	L_zsl 0.0767 (0.0938)	L_cls 0.9348 (0.8642)
[32m[04/25 20:57:34 zsl]: [0m SS: 0.7597 UU: 0.6389 ST: 0.7197 UT: 0.3733 H: 0.4916
[32m[04/25 20:57:41 zsl]: [0mEpoch: [19][  0/111]	L_zsl 0.0804 (0.0804)	L_cls 0.7593 (0.7593)
[32m[04/25 20:58:01 zsl]: [0mEpoch: [19][ 10/111]	L_zsl 0.0830 (0.1044)	L_cls 0.9112 (0.9316)
[32m[04/25 20:58:20 zsl]: [0mEpoch: [19][ 20/111]	L_zsl 0.0846 (0.1009)	L_cls 0.7801 (0.8322)
[32m[04/25 20:58:40 zsl]: [0mEpoch: [19][ 30/111]	L_zsl 0.1076 (0.0994)	L_cls 0.7304 (0.8124)
[32m[04/25 20:59:00 zsl]: [0mEpoch: [19][ 40/111]	L_zsl 0.1063 (0.0991)	L_cls 0.8021 (0.8295)
[32m[04/25 20:59:19 zsl]: [0mEpoch: [19][ 50/111]	L_zsl 0.1104 (0.0992)	L_cls 1.0359 (0.8307)
[32m[04/25 20:59:39 zsl]: [0mEpoch: [19][ 60/111]	L_zsl 0.0866 (0.0972)	L_cls 1.3793 (0.8497)
[32m[04/25 20:59:58 zsl]: [0mEpoch: [19][ 70/111]	L_zsl 0.0787 (0.0973)	L_cls 0.8926 (0.8638)
[32m[04/25 21:00:18 zsl]: [0mEpoch: [19][ 80/111]	L_zsl 0.0782 (0.0970)	L_cls 0.7616 (0.8577)
[32m[04/25 21:00:38 zsl]: [0mEpoch: [19][ 90/111]	L_zsl 0.1231 (0.0970)	L_cls 0.9772 (0.8511)
[32m[04/25 21:00:57 zsl]: [0mEpoch: [19][100/111]	L_zsl 0.1132 (0.0972)	L_cls 1.2796 (0.8599)
[32m[04/25 21:01:15 zsl]: [0mEpoch: [19][110/111]	L_zsl 0.0899 (0.0962)	L_cls 0.9444 (0.8552)
[32m[04/25 21:02:14 zsl]: [0m SS: 0.7472 UU: 0.6229 ST: 0.7109 UT: 0.3103 H: 0.4320
[32m[04/25 21:02:20 zsl]: [0mEpoch: [20][  0/111]	L_zsl 0.1039 (0.1039)	L_cls 1.1121 (1.1121)
[32m[04/25 21:02:40 zsl]: [0mEpoch: [20][ 10/111]	L_zsl 0.1318 (0.1113)	L_cls 0.8340 (0.8873)
[32m[04/25 21:03:00 zsl]: [0mEpoch: [20][ 20/111]	L_zsl 0.0870 (0.1062)	L_cls 1.0979 (0.8400)
[32m[04/25 21:03:19 zsl]: [0mEpoch: [20][ 30/111]	L_zsl 0.0855 (0.1012)	L_cls 1.0342 (0.8267)
[32m[04/25 21:03:39 zsl]: [0mEpoch: [20][ 40/111]	L_zsl 0.1260 (0.1011)	L_cls 1.1696 (0.8251)
[32m[04/25 21:03:58 zsl]: [0mEpoch: [20][ 50/111]	L_zsl 0.0824 (0.1002)	L_cls 0.8402 (0.8347)
[32m[04/25 21:04:18 zsl]: [0mEpoch: [20][ 60/111]	L_zsl 0.0750 (0.0977)	L_cls 0.7173 (0.8190)
[32m[04/25 21:04:38 zsl]: [0mEpoch: [20][ 70/111]	L_zsl 0.0871 (0.0966)	L_cls 0.6093 (0.8303)
[32m[04/25 21:04:57 zsl]: [0mEpoch: [20][ 80/111]	L_zsl 0.1126 (0.0956)	L_cls 0.8177 (0.8418)
[32m[04/25 21:05:17 zsl]: [0mEpoch: [20][ 90/111]	L_zsl 0.1010 (0.0945)	L_cls 0.7588 (0.8410)
[32m[04/25 21:05:36 zsl]: [0mEpoch: [20][100/111]	L_zsl 0.0831 (0.0937)	L_cls 0.7503 (0.8370)
[32m[04/25 21:05:55 zsl]: [0mEpoch: [20][110/111]	L_zsl 0.0887 (0.0930)	L_cls 1.6474 (0.8525)
[32m[04/25 21:06:53 zsl]: [0m SS: 0.6648 UU: 0.5064 ST: 0.6301 UT: 0.2650 H: 0.3731
[32m[04/25 21:07:00 zsl]: [0mEpoch: [21][  0/111]	L_zsl 0.0867 (0.0867)	L_cls 1.0866 (1.0866)
[32m[04/25 21:07:19 zsl]: [0mEpoch: [21][ 10/111]	L_zsl 0.0760 (0.0966)	L_cls 0.7825 (0.8630)
[32m[04/25 21:07:39 zsl]: [0mEpoch: [21][ 20/111]	L_zsl 0.0989 (0.0946)	L_cls 0.8022 (0.8407)
[32m[04/25 21:07:59 zsl]: [0mEpoch: [21][ 30/111]	L_zsl 0.1176 (0.0932)	L_cls 0.9521 (0.8504)
[32m[04/25 21:08:18 zsl]: [0mEpoch: [21][ 40/111]	L_zsl 0.0808 (0.0929)	L_cls 0.6439 (0.8438)
[32m[04/25 21:08:38 zsl]: [0mEpoch: [21][ 50/111]	L_zsl 0.0903 (0.0920)	L_cls 1.1363 (0.8602)
[32m[04/25 21:08:57 zsl]: [0mEpoch: [21][ 60/111]	L_zsl 0.0917 (0.0899)	L_cls 0.5634 (0.8360)
[32m[04/25 21:09:17 zsl]: [0mEpoch: [21][ 70/111]	L_zsl 0.0960 (0.0888)	L_cls 0.6687 (0.8147)
[32m[04/25 21:09:36 zsl]: [0mEpoch: [21][ 80/111]	L_zsl 0.0679 (0.0879)	L_cls 0.9310 (0.8162)
[32m[04/25 21:09:56 zsl]: [0mEpoch: [21][ 90/111]	L_zsl 0.0732 (0.0872)	L_cls 0.6849 (0.8059)
[32m[04/25 21:10:16 zsl]: [0mEpoch: [21][100/111]	L_zsl 0.0931 (0.0871)	L_cls 1.2657 (0.8112)
[32m[04/25 21:10:34 zsl]: [0mEpoch: [21][110/111]	L_zsl 0.1177 (0.0872)	L_cls 1.3023 (0.8176)
[32m[04/25 21:11:31 zsl]: [0m SS: 0.7127 UU: 0.5892 ST: 0.6927 UT: 0.2899 H: 0.4087
[32m[04/25 21:11:39 zsl]: [0mEpoch: [22][  0/111]	L_zsl 0.1387 (0.1387)	L_cls 0.9446 (0.9446)
[32m[04/25 21:11:59 zsl]: [0mEpoch: [22][ 10/111]	L_zsl 0.0901 (0.0939)	L_cls 0.5129 (0.8229)
[32m[04/25 21:12:18 zsl]: [0mEpoch: [22][ 20/111]	L_zsl 0.0820 (0.0882)	L_cls 0.8469 (0.8664)
[32m[04/25 21:12:38 zsl]: [0mEpoch: [22][ 30/111]	L_zsl 0.0885 (0.0899)	L_cls 0.8452 (0.8715)
[32m[04/25 21:12:57 zsl]: [0mEpoch: [22][ 40/111]	L_zsl 0.0869 (0.0882)	L_cls 0.8087 (0.8493)
[32m[04/25 21:13:17 zsl]: [0mEpoch: [22][ 50/111]	L_zsl 0.1000 (0.0879)	L_cls 0.9411 (0.8710)
[32m[04/25 21:13:37 zsl]: [0mEpoch: [22][ 60/111]	L_zsl 0.0855 (0.0868)	L_cls 0.9022 (0.8625)
[32m[04/25 21:13:56 zsl]: [0mEpoch: [22][ 70/111]	L_zsl 0.0777 (0.0862)	L_cls 0.8632 (0.8528)
[32m[04/25 21:14:16 zsl]: [0mEpoch: [22][ 80/111]	L_zsl 0.0574 (0.0852)	L_cls 0.6137 (0.8411)
[32m[04/25 21:14:35 zsl]: [0mEpoch: [22][ 90/111]	L_zsl 0.0949 (0.0863)	L_cls 0.9440 (0.8431)
[32m[04/25 21:14:55 zsl]: [0mEpoch: [22][100/111]	L_zsl 0.0682 (0.0862)	L_cls 0.5246 (0.8364)
[32m[04/25 21:15:13 zsl]: [0mEpoch: [22][110/111]	L_zsl 0.0825 (0.0855)	L_cls 0.1036 (0.8194)
[32m[04/25 21:16:10 zsl]: [0m SS: 0.7915 UU: 0.6889 ST: 0.7619 UT: 0.3741 H: 0.5018
[32m[04/25 21:16:16 zsl]: [0mEpoch: [23][  0/111]	L_zsl 0.0971 (0.0971)	L_cls 0.6979 (0.6979)
[32m[04/25 21:16:35 zsl]: [0mEpoch: [23][ 10/111]	L_zsl 0.0843 (0.0847)	L_cls 0.7155 (0.7148)
[32m[04/25 21:16:55 zsl]: [0mEpoch: [23][ 20/111]	L_zsl 0.0822 (0.0837)	L_cls 0.4068 (0.7281)
[32m[04/25 21:17:15 zsl]: [0mEpoch: [23][ 30/111]	L_zsl 0.0845 (0.0832)	L_cls 0.6921 (0.7249)
[32m[04/25 21:17:34 zsl]: [0mEpoch: [23][ 40/111]	L_zsl 0.0730 (0.0829)	L_cls 1.0251 (0.7298)
[32m[04/25 21:17:54 zsl]: [0mEpoch: [23][ 50/111]	L_zsl 0.0834 (0.0830)	L_cls 0.7201 (0.7380)
[32m[04/25 21:18:13 zsl]: [0mEpoch: [23][ 60/111]	L_zsl 0.0835 (0.0835)	L_cls 0.7059 (0.7402)
[32m[04/25 21:18:33 zsl]: [0mEpoch: [23][ 70/111]	L_zsl 0.0819 (0.0823)	L_cls 0.6050 (0.7331)
[32m[04/25 21:18:52 zsl]: [0mEpoch: [23][ 80/111]	L_zsl 0.0757 (0.0826)	L_cls 0.5288 (0.7530)
[32m[04/25 21:19:12 zsl]: [0mEpoch: [23][ 90/111]	L_zsl 0.0965 (0.0831)	L_cls 0.5149 (0.7451)
[32m[04/25 21:19:32 zsl]: [0mEpoch: [23][100/111]	L_zsl 0.0938 (0.0838)	L_cls 0.6747 (0.7543)
[32m[04/25 21:19:50 zsl]: [0mEpoch: [23][110/111]	L_zsl 0.0684 (0.0838)	L_cls 0.6289 (0.7644)
[32m[04/25 21:20:46 zsl]: [0m SS: 0.7504 UU: 0.6417 ST: 0.7344 UT: 0.3166 H: 0.4425
[32m[04/25 21:20:53 zsl]: [0mEpoch: [24][  0/111]	L_zsl 0.1001 (0.1001)	L_cls 0.9622 (0.9622)
[32m[04/25 21:21:12 zsl]: [0mEpoch: [24][ 10/111]	L_zsl 0.1051 (0.1260)	L_cls 1.2211 (0.9344)
[32m[04/25 21:21:32 zsl]: [0mEpoch: [24][ 20/111]	L_zsl 0.0912 (0.1096)	L_cls 0.7724 (0.9140)
[32m[04/25 21:21:51 zsl]: [0mEpoch: [24][ 30/111]	L_zsl 0.0857 (0.1014)	L_cls 0.9262 (0.8544)
[32m[04/25 21:22:11 zsl]: [0mEpoch: [24][ 40/111]	L_zsl 0.0814 (0.0992)	L_cls 0.9533 (0.8339)
[32m[04/25 21:22:31 zsl]: [0mEpoch: [24][ 50/111]	L_zsl 0.0719 (0.0963)	L_cls 0.9667 (0.8267)
[32m[04/25 21:22:50 zsl]: [0mEpoch: [24][ 60/111]	L_zsl 0.0793 (0.0932)	L_cls 0.8282 (0.8109)
[32m[04/25 21:23:10 zsl]: [0mEpoch: [24][ 70/111]	L_zsl 0.0837 (0.0914)	L_cls 0.8590 (0.8088)
[32m[04/25 21:23:29 zsl]: [0mEpoch: [24][ 80/111]	L_zsl 0.0766 (0.0899)	L_cls 0.5858 (0.7998)
[32m[04/25 21:23:49 zsl]: [0mEpoch: [24][ 90/111]	L_zsl 0.0652 (0.0888)	L_cls 0.9142 (0.8005)
[32m[04/25 21:24:09 zsl]: [0mEpoch: [24][100/111]	L_zsl 0.1053 (0.0882)	L_cls 0.6957 (0.7996)
[32m[04/25 21:24:27 zsl]: [0mEpoch: [24][110/111]	L_zsl 0.0802 (0.0873)	L_cls 1.0933 (0.8030)
[32m[04/25 21:25:22 zsl]: [0m SS: 0.7181 UU: 0.5974 ST: 0.6656 UT: 0.3715 H: 0.4768
[32m[04/25 21:25:29 zsl]: [0mEpoch: [25][  0/111]	L_zsl 0.0780 (0.0780)	L_cls 1.0510 (1.0510)
[32m[04/25 21:25:48 zsl]: [0mEpoch: [25][ 10/111]	L_zsl 0.0712 (0.0908)	L_cls 0.7370 (0.9601)
[32m[04/25 21:26:08 zsl]: [0mEpoch: [25][ 20/111]	L_zsl 0.0860 (0.0859)	L_cls 0.7902 (0.8487)
[32m[04/25 21:26:27 zsl]: [0mEpoch: [25][ 30/111]	L_zsl 0.0662 (0.0840)	L_cls 0.6014 (0.8253)
[32m[04/25 21:26:47 zsl]: [0mEpoch: [25][ 40/111]	L_zsl 0.0928 (0.0833)	L_cls 1.1772 (0.8543)
[32m[04/25 21:27:06 zsl]: [0mEpoch: [25][ 50/111]	L_zsl 0.0747 (0.0821)	L_cls 0.5879 (0.8299)
[32m[04/25 21:27:26 zsl]: [0mEpoch: [25][ 60/111]	L_zsl 0.0662 (0.0814)	L_cls 0.2572 (0.7974)
[32m[04/25 21:27:46 zsl]: [0mEpoch: [25][ 70/111]	L_zsl 0.0905 (0.0810)	L_cls 1.0547 (0.8051)
[32m[04/25 21:28:05 zsl]: [0mEpoch: [25][ 80/111]	L_zsl 0.0976 (0.0813)	L_cls 0.5115 (0.8004)
[32m[04/25 21:28:25 zsl]: [0mEpoch: [25][ 90/111]	L_zsl 0.0723 (0.0813)	L_cls 0.9007 (0.7948)
[32m[04/25 21:28:44 zsl]: [0mEpoch: [25][100/111]	L_zsl 0.0753 (0.0807)	L_cls 0.9496 (0.7944)
[32m[04/25 21:29:03 zsl]: [0mEpoch: [25][110/111]	L_zsl 0.0931 (0.0813)	L_cls 1.6145 (0.8079)
[32m[04/25 21:29:59 zsl]: [0m SS: 0.7857 UU: 0.6908 ST: 0.7571 UT: 0.4405 H: 0.5570
[32m[04/25 21:30:00 zsl]: [0msaving!!!!
[32m[04/25 21:30:05 zsl]: [0mEpoch: [26][  0/111]	L_zsl 0.0904 (0.0904)	L_cls 1.0270 (1.0270)
[32m[04/25 21:30:25 zsl]: [0mEpoch: [26][ 10/111]	L_zsl 0.0754 (0.0816)	L_cls 0.6054 (0.8505)
[32m[04/25 21:30:44 zsl]: [0mEpoch: [26][ 20/111]	L_zsl 0.1004 (0.0815)	L_cls 0.7922 (0.7915)
[32m[04/25 21:31:04 zsl]: [0mEpoch: [26][ 30/111]	L_zsl 0.0620 (0.0812)	L_cls 0.9499 (0.7654)
[32m[04/25 21:31:24 zsl]: [0mEpoch: [26][ 40/111]	L_zsl 0.0839 (0.0818)	L_cls 0.7603 (0.7597)
[32m[04/25 21:31:43 zsl]: [0mEpoch: [26][ 50/111]	L_zsl 0.0892 (0.0837)	L_cls 0.6484 (0.7751)
[32m[04/25 21:32:03 zsl]: [0mEpoch: [26][ 60/111]	L_zsl 0.0829 (0.0838)	L_cls 1.1618 (0.7780)
[32m[04/25 21:32:22 zsl]: [0mEpoch: [26][ 70/111]	L_zsl 0.0945 (0.0832)	L_cls 0.6898 (0.7650)
[32m[04/25 21:32:42 zsl]: [0mEpoch: [26][ 80/111]	L_zsl 0.0610 (0.0829)	L_cls 0.5106 (0.7672)
[32m[04/25 21:33:01 zsl]: [0mEpoch: [26][ 90/111]	L_zsl 0.0777 (0.0821)	L_cls 1.0076 (0.7738)
[32m[04/25 21:33:21 zsl]: [0mEpoch: [26][100/111]	L_zsl 0.0786 (0.0819)	L_cls 1.0688 (0.7774)
[32m[04/25 21:33:39 zsl]: [0mEpoch: [26][110/111]	L_zsl 0.0965 (0.0825)	L_cls 1.4426 (0.7757)
[32m[04/25 21:34:37 zsl]: [0m SS: 0.7501 UU: 0.5896 ST: 0.7069 UT: 0.3246 H: 0.4449
[32m[04/25 21:34:42 zsl]: [0mEpoch: [27][  0/111]	L_zsl 0.0802 (0.0802)	L_cls 0.8400 (0.8400)
[32m[04/25 21:35:02 zsl]: [0mEpoch: [27][ 10/111]	L_zsl 0.0852 (0.0877)	L_cls 0.6531 (0.6997)
[32m[04/25 21:35:22 zsl]: [0mEpoch: [27][ 20/111]	L_zsl 0.0784 (0.0824)	L_cls 0.9038 (0.7374)
[32m[04/25 21:35:41 zsl]: [0mEpoch: [27][ 30/111]	L_zsl 0.0867 (0.0802)	L_cls 0.7364 (0.7007)
[32m[04/25 21:36:01 zsl]: [0mEpoch: [27][ 40/111]	L_zsl 0.0900 (0.0817)	L_cls 0.7315 (0.7061)
[32m[04/25 21:36:20 zsl]: [0mEpoch: [27][ 50/111]	L_zsl 0.0671 (0.0817)	L_cls 0.7325 (0.7096)
[32m[04/25 21:36:40 zsl]: [0mEpoch: [27][ 60/111]	L_zsl 0.0742 (0.0817)	L_cls 0.9337 (0.7237)
[32m[04/25 21:37:00 zsl]: [0mEpoch: [27][ 70/111]	L_zsl 0.0829 (0.0818)	L_cls 0.6942 (0.7262)
[32m[04/25 21:37:19 zsl]: [0mEpoch: [27][ 80/111]	L_zsl 0.0789 (0.0819)	L_cls 0.5944 (0.7447)
[32m[04/25 21:37:39 zsl]: [0mEpoch: [27][ 90/111]	L_zsl 0.0873 (0.0831)	L_cls 1.0254 (0.7541)
[32m[04/25 21:37:58 zsl]: [0mEpoch: [27][100/111]	L_zsl 0.0931 (0.0826)	L_cls 0.6190 (0.7459)
[32m[04/25 21:38:17 zsl]: [0mEpoch: [27][110/111]	L_zsl 0.0848 (0.0823)	L_cls 1.2821 (0.7591)
[32m[04/25 21:39:14 zsl]: [0m SS: 0.7964 UU: 0.6637 ST: 0.7654 UT: 0.4067 H: 0.5312
[32m[04/25 21:39:21 zsl]: [0mEpoch: [28][  0/111]	L_zsl 0.0791 (0.0791)	L_cls 0.7367 (0.7367)
[32m[04/25 21:39:41 zsl]: [0mEpoch: [28][ 10/111]	L_zsl 0.0943 (0.0804)	L_cls 0.6665 (0.7878)
[32m[04/25 21:40:01 zsl]: [0mEpoch: [28][ 20/111]	L_zsl 0.0842 (0.0812)	L_cls 0.7152 (0.7726)
[32m[04/25 21:40:20 zsl]: [0mEpoch: [28][ 30/111]	L_zsl 0.0698 (0.0771)	L_cls 0.5220 (0.7280)
[32m[04/25 21:40:40 zsl]: [0mEpoch: [28][ 40/111]	L_zsl 0.0780 (0.0773)	L_cls 0.7923 (0.7315)
[32m[04/25 21:40:59 zsl]: [0mEpoch: [28][ 50/111]	L_zsl 0.0652 (0.0771)	L_cls 0.6288 (0.7238)
[32m[04/25 21:41:19 zsl]: [0mEpoch: [28][ 60/111]	L_zsl 0.0835 (0.0770)	L_cls 0.7000 (0.7233)
[32m[04/25 21:41:39 zsl]: [0mEpoch: [28][ 70/111]	L_zsl 0.0798 (0.0770)	L_cls 0.6312 (0.7230)
[32m[04/25 21:41:58 zsl]: [0mEpoch: [28][ 80/111]	L_zsl 0.0797 (0.0769)	L_cls 0.6342 (0.7306)
[32m[04/25 21:42:18 zsl]: [0mEpoch: [28][ 90/111]	L_zsl 0.0921 (0.0775)	L_cls 0.7200 (0.7312)
[32m[04/25 21:42:37 zsl]: [0mEpoch: [28][100/111]	L_zsl 0.0814 (0.0770)	L_cls 0.7515 (0.7302)
[32m[04/25 21:42:56 zsl]: [0mEpoch: [28][110/111]	L_zsl 0.0866 (0.0775)	L_cls 0.6553 (0.7320)
[32m[04/25 21:43:51 zsl]: [0m SS: 0.7528 UU: 0.6597 ST: 0.7268 UT: 0.3717 H: 0.4918
[32m[04/25 21:43:57 zsl]: [0mEpoch: [29][  0/111]	L_zsl 0.1043 (0.1043)	L_cls 0.8471 (0.8471)
[32m[04/25 21:44:17 zsl]: [0mEpoch: [29][ 10/111]	L_zsl 0.0903 (0.0989)	L_cls 1.0192 (0.8989)
[32m[04/25 21:44:36 zsl]: [0mEpoch: [29][ 20/111]	L_zsl 0.0665 (0.0898)	L_cls 0.5460 (0.8206)
[32m[04/25 21:44:56 zsl]: [0mEpoch: [29][ 30/111]	L_zsl 0.0719 (0.0849)	L_cls 0.8367 (0.8062)
[32m[04/25 21:45:16 zsl]: [0mEpoch: [29][ 40/111]	L_zsl 0.0732 (0.0829)	L_cls 0.8956 (0.8022)
[32m[04/25 21:45:35 zsl]: [0mEpoch: [29][ 50/111]	L_zsl 0.0690 (0.0820)	L_cls 0.7804 (0.7781)
[32m[04/25 21:45:55 zsl]: [0mEpoch: [29][ 60/111]	L_zsl 0.0837 (0.0803)	L_cls 0.8735 (0.7648)
[32m[04/25 21:46:14 zsl]: [0mEpoch: [29][ 70/111]	L_zsl 0.0805 (0.0797)	L_cls 0.9716 (0.7574)
[32m[04/25 21:46:34 zsl]: [0mEpoch: [29][ 80/111]	L_zsl 0.0655 (0.0787)	L_cls 1.0782 (0.7554)
[32m[04/25 21:46:54 zsl]: [0mEpoch: [29][ 90/111]	L_zsl 0.0732 (0.0784)	L_cls 1.0491 (0.7507)
[32m[04/25 21:47:13 zsl]: [0mEpoch: [29][100/111]	L_zsl 0.0752 (0.0782)	L_cls 0.9696 (0.7507)
[32m[04/25 21:47:31 zsl]: [0mEpoch: [29][110/111]	L_zsl 0.0742 (0.0782)	L_cls 1.4494 (0.7542)
[32m[04/25 21:48:28 zsl]: [0m SS: 0.7649 UU: 0.6485 ST: 0.7286 UT: 0.3510 H: 0.4737
[32m[04/25 21:48:35 zsl]: [0mEpoch: [30][  0/111]	L_zsl 0.1030 (0.1030)	L_cls 0.5842 (0.5842)
[32m[04/25 21:48:55 zsl]: [0mEpoch: [30][ 10/111]	L_zsl 0.0915 (0.0994)	L_cls 0.7863 (0.8111)
[32m[04/25 21:49:14 zsl]: [0mEpoch: [30][ 20/111]	L_zsl 0.0742 (0.0897)	L_cls 0.7556 (0.7520)
[32m[04/25 21:49:34 zsl]: [0mEpoch: [30][ 30/111]	L_zsl 0.0654 (0.0826)	L_cls 0.6381 (0.7003)
[32m[04/25 21:49:53 zsl]: [0mEpoch: [30][ 40/111]	L_zsl 0.0582 (0.0773)	L_cls 0.3942 (0.6734)
[32m[04/25 21:50:13 zsl]: [0mEpoch: [30][ 50/111]	L_zsl 0.0561 (0.0736)	L_cls 0.6946 (0.6604)
[32m[04/25 21:50:32 zsl]: [0mEpoch: [30][ 60/111]	L_zsl 0.0550 (0.0706)	L_cls 0.5095 (0.6443)
[32m[04/25 21:50:52 zsl]: [0mEpoch: [30][ 70/111]	L_zsl 0.0477 (0.0676)	L_cls 0.3437 (0.6211)
[32m[04/25 21:51:12 zsl]: [0mEpoch: [30][ 80/111]	L_zsl 0.0519 (0.0654)	L_cls 0.6855 (0.6190)
[32m[04/25 21:51:31 zsl]: [0mEpoch: [30][ 90/111]	L_zsl 0.0498 (0.0636)	L_cls 0.5651 (0.6135)
[32m[04/25 21:51:51 zsl]: [0mEpoch: [30][100/111]	L_zsl 0.0442 (0.0617)	L_cls 0.4416 (0.6009)
[32m[04/25 21:52:09 zsl]: [0mEpoch: [30][110/111]	L_zsl 0.0449 (0.0602)	L_cls 0.6982 (0.5992)
[32m[04/25 21:53:06 zsl]: [0m SS: 0.8540 UU: 0.7395 ST: 0.8191 UT: 0.5216 H: 0.6373
[32m[04/25 21:53:06 zsl]: [0msaving!!!!
[32m[04/25 21:53:13 zsl]: [0mEpoch: [31][  0/111]	L_zsl 0.0469 (0.0469)	L_cls 0.6929 (0.6929)
[32m[04/25 21:53:33 zsl]: [0mEpoch: [31][ 10/111]	L_zsl 0.0429 (0.0434)	L_cls 0.4006 (0.4988)
[32m[04/25 21:53:52 zsl]: [0mEpoch: [31][ 20/111]	L_zsl 0.0426 (0.0428)	L_cls 0.5022 (0.5089)
[32m[04/25 21:54:12 zsl]: [0mEpoch: [31][ 30/111]	L_zsl 0.0439 (0.0420)	L_cls 0.7356 (0.5033)
[32m[04/25 21:54:31 zsl]: [0mEpoch: [31][ 40/111]	L_zsl 0.0396 (0.0412)	L_cls 0.6713 (0.4974)
[32m[04/25 21:54:51 zsl]: [0mEpoch: [31][ 50/111]	L_zsl 0.0414 (0.0412)	L_cls 0.4487 (0.4953)
[32m[04/25 21:55:10 zsl]: [0mEpoch: [31][ 60/111]	L_zsl 0.0418 (0.0410)	L_cls 0.6372 (0.4963)
[32m[04/25 21:55:30 zsl]: [0mEpoch: [31][ 70/111]	L_zsl 0.0390 (0.0407)	L_cls 0.5901 (0.5002)
[32m[04/25 21:55:49 zsl]: [0mEpoch: [31][ 80/111]	L_zsl 0.0397 (0.0403)	L_cls 0.7835 (0.5015)
[32m[04/25 21:56:09 zsl]: [0mEpoch: [31][ 90/111]	L_zsl 0.0389 (0.0399)	L_cls 0.6186 (0.4970)
[32m[04/25 21:56:29 zsl]: [0mEpoch: [31][100/111]	L_zsl 0.0359 (0.0397)	L_cls 0.5927 (0.4967)
[32m[04/25 21:56:47 zsl]: [0mEpoch: [31][110/111]	L_zsl 0.0349 (0.0395)	L_cls 0.5174 (0.4956)
[32m[04/25 21:57:43 zsl]: [0m SS: 0.8604 UU: 0.7449 ST: 0.8290 UT: 0.5179 H: 0.6375
[32m[04/25 21:57:44 zsl]: [0msaving!!!!
[32m[04/25 21:57:50 zsl]: [0mEpoch: [32][  0/111]	L_zsl 0.0390 (0.0390)	L_cls 0.3292 (0.3292)
[32m[04/25 21:58:10 zsl]: [0mEpoch: [32][ 10/111]	L_zsl 0.0347 (0.0374)	L_cls 0.5735 (0.5557)
[32m[04/25 21:58:29 zsl]: [0mEpoch: [32][ 20/111]	L_zsl 0.0361 (0.0362)	L_cls 0.5103 (0.4655)
[32m[04/25 21:58:49 zsl]: [0mEpoch: [32][ 30/111]	L_zsl 0.0363 (0.0356)	L_cls 0.4882 (0.4497)
[32m[04/25 21:59:09 zsl]: [0mEpoch: [32][ 40/111]	L_zsl 0.0372 (0.0352)	L_cls 0.4451 (0.4536)
[32m[04/25 21:59:28 zsl]: [0mEpoch: [32][ 50/111]	L_zsl 0.0329 (0.0349)	L_cls 0.3928 (0.4460)
[32m[04/25 21:59:48 zsl]: [0mEpoch: [32][ 60/111]	L_zsl 0.0326 (0.0345)	L_cls 0.6728 (0.4446)
[32m[04/25 22:00:07 zsl]: [0mEpoch: [32][ 70/111]	L_zsl 0.0324 (0.0341)	L_cls 0.3361 (0.4415)
[32m[04/25 22:00:27 zsl]: [0mEpoch: [32][ 80/111]	L_zsl 0.0318 (0.0340)	L_cls 0.2383 (0.4401)
[32m[04/25 22:00:46 zsl]: [0mEpoch: [32][ 90/111]	L_zsl 0.0321 (0.0338)	L_cls 0.5215 (0.4468)
[32m[04/25 22:01:06 zsl]: [0mEpoch: [32][100/111]	L_zsl 0.0321 (0.0336)	L_cls 0.3654 (0.4532)
[32m[04/25 22:01:24 zsl]: [0mEpoch: [32][110/111]	L_zsl 0.0328 (0.0336)	L_cls 0.5934 (0.4602)
[32m[04/25 22:02:21 zsl]: [0m SS: 0.8611 UU: 0.7395 ST: 0.8314 UT: 0.5173 H: 0.6378
[32m[04/25 22:02:21 zsl]: [0msaving!!!!
[32m[04/25 22:02:27 zsl]: [0mEpoch: [33][  0/111]	L_zsl 0.0312 (0.0312)	L_cls 0.6469 (0.6469)
[32m[04/25 22:02:47 zsl]: [0mEpoch: [33][ 10/111]	L_zsl 0.0318 (0.0315)	L_cls 0.4365 (0.4307)
[32m[04/25 22:03:07 zsl]: [0mEpoch: [33][ 20/111]	L_zsl 0.0297 (0.0317)	L_cls 0.5972 (0.4495)
[32m[04/25 22:03:26 zsl]: [0mEpoch: [33][ 30/111]	L_zsl 0.0303 (0.0315)	L_cls 0.7761 (0.4600)
[32m[04/25 22:03:46 zsl]: [0mEpoch: [33][ 40/111]	L_zsl 0.0301 (0.0311)	L_cls 0.5153 (0.4552)
[32m[04/25 22:04:06 zsl]: [0mEpoch: [33][ 50/111]	L_zsl 0.0299 (0.0306)	L_cls 0.2464 (0.4464)
[32m[04/25 22:04:25 zsl]: [0mEpoch: [33][ 60/111]	L_zsl 0.0276 (0.0304)	L_cls 0.3088 (0.4335)
[32m[04/25 22:04:45 zsl]: [0mEpoch: [33][ 70/111]	L_zsl 0.0285 (0.0303)	L_cls 0.5174 (0.4337)
[32m[04/25 22:05:04 zsl]: [0mEpoch: [33][ 80/111]	L_zsl 0.0302 (0.0302)	L_cls 0.6090 (0.4414)
[32m[04/25 22:05:24 zsl]: [0mEpoch: [33][ 90/111]	L_zsl 0.0273 (0.0301)	L_cls 0.3653 (0.4359)
[32m[04/25 22:05:43 zsl]: [0mEpoch: [33][100/111]	L_zsl 0.0289 (0.0300)	L_cls 0.3660 (0.4344)
[32m[04/25 22:06:02 zsl]: [0mEpoch: [33][110/111]	L_zsl 0.0278 (0.0298)	L_cls 0.2858 (0.4341)
[32m[04/25 22:06:58 zsl]: [0m SS: 0.8646 UU: 0.7473 ST: 0.8382 UT: 0.5216 H: 0.6430
[32m[04/25 22:06:59 zsl]: [0msaving!!!!
[32m[04/25 22:07:05 zsl]: [0mEpoch: [34][  0/111]	L_zsl 0.0275 (0.0275)	L_cls 0.3000 (0.3000)
[32m[04/25 22:07:24 zsl]: [0mEpoch: [34][ 10/111]	L_zsl 0.0277 (0.0281)	L_cls 0.2968 (0.3797)
[32m[04/25 22:07:44 zsl]: [0mEpoch: [34][ 20/111]	L_zsl 0.0301 (0.0282)	L_cls 0.5189 (0.3923)
[32m[04/25 22:08:03 zsl]: [0mEpoch: [34][ 30/111]	L_zsl 0.0284 (0.0281)	L_cls 0.4047 (0.4176)
[32m[04/25 22:08:23 zsl]: [0mEpoch: [34][ 40/111]	L_zsl 0.0312 (0.0283)	L_cls 0.6311 (0.4171)
[32m[04/25 22:08:42 zsl]: [0mEpoch: [34][ 50/111]	L_zsl 0.0274 (0.0284)	L_cls 0.3445 (0.4223)
[32m[04/25 22:09:02 zsl]: [0mEpoch: [34][ 60/111]	L_zsl 0.0248 (0.0281)	L_cls 0.3982 (0.4139)
[32m[04/25 22:09:22 zsl]: [0mEpoch: [34][ 70/111]	L_zsl 0.0273 (0.0279)	L_cls 0.4723 (0.4165)
[32m[04/25 22:09:41 zsl]: [0mEpoch: [34][ 80/111]	L_zsl 0.0282 (0.0278)	L_cls 0.4004 (0.4125)
[32m[04/25 22:10:01 zsl]: [0mEpoch: [34][ 90/111]	L_zsl 0.0307 (0.0278)	L_cls 0.4644 (0.4152)
[32m[04/25 22:10:20 zsl]: [0mEpoch: [34][100/111]	L_zsl 0.0272 (0.0278)	L_cls 0.4002 (0.4133)
[32m[04/25 22:10:39 zsl]: [0mEpoch: [34][110/111]	L_zsl 0.0294 (0.0277)	L_cls 0.7529 (0.4186)
[32m[04/25 22:11:36 zsl]: [0m SS: 0.8692 UU: 0.7455 ST: 0.8398 UT: 0.5192 H: 0.6417
[32m[04/25 22:11:43 zsl]: [0mEpoch: [35][  0/111]	L_zsl 0.0259 (0.0259)	L_cls 0.4013 (0.4013)
[32m[04/25 22:12:03 zsl]: [0mEpoch: [35][ 10/111]	L_zsl 0.0278 (0.0273)	L_cls 0.6733 (0.5059)
[32m[04/25 22:12:22 zsl]: [0mEpoch: [35][ 20/111]	L_zsl 0.0281 (0.0271)	L_cls 0.4580 (0.4641)
[32m[04/25 22:12:42 zsl]: [0mEpoch: [35][ 30/111]	L_zsl 0.0240 (0.0264)	L_cls 0.2200 (0.4222)
[32m[04/25 22:13:02 zsl]: [0mEpoch: [35][ 40/111]	L_zsl 0.0242 (0.0261)	L_cls 0.5205 (0.4390)
[32m[04/25 22:13:21 zsl]: [0mEpoch: [35][ 50/111]	L_zsl 0.0255 (0.0260)	L_cls 0.4786 (0.4499)
[32m[04/25 22:13:41 zsl]: [0mEpoch: [35][ 60/111]	L_zsl 0.0258 (0.0260)	L_cls 0.4242 (0.4583)
[32m[04/25 22:14:00 zsl]: [0mEpoch: [35][ 70/111]	L_zsl 0.0233 (0.0259)	L_cls 0.2729 (0.4544)
[32m[04/25 22:14:20 zsl]: [0mEpoch: [35][ 80/111]	L_zsl 0.0237 (0.0257)	L_cls 0.4152 (0.4573)
[32m[04/25 22:14:40 zsl]: [0mEpoch: [35][ 90/111]	L_zsl 0.0251 (0.0256)	L_cls 0.3450 (0.4567)
[32m[04/25 22:14:59 zsl]: [0mEpoch: [35][100/111]	L_zsl 0.0262 (0.0255)	L_cls 0.4317 (0.4565)
[32m[04/25 22:15:17 zsl]: [0mEpoch: [35][110/111]	L_zsl 0.0252 (0.0255)	L_cls 0.8618 (0.4593)
[32m[04/25 22:16:15 zsl]: [0m SS: 0.8683 UU: 0.7450 ST: 0.8354 UT: 0.5298 H: 0.6484
[32m[04/25 22:16:16 zsl]: [0msaving!!!!
[32m[04/25 22:16:22 zsl]: [0mEpoch: [36][  0/111]	L_zsl 0.0242 (0.0242)	L_cls 0.3249 (0.3249)
[32m[04/25 22:16:42 zsl]: [0mEpoch: [36][ 10/111]	L_zsl 0.0255 (0.0248)	L_cls 0.3458 (0.4405)
[32m[04/25 22:17:01 zsl]: [0mEpoch: [36][ 20/111]	L_zsl 0.0251 (0.0248)	L_cls 0.5312 (0.4514)
[32m[04/25 22:17:21 zsl]: [0mEpoch: [36][ 30/111]	L_zsl 0.0244 (0.0250)	L_cls 0.3342 (0.4197)
[32m[04/25 22:17:40 zsl]: [0mEpoch: [36][ 40/111]	L_zsl 0.0260 (0.0253)	L_cls 0.3935 (0.4288)
[32m[04/25 22:18:00 zsl]: [0mEpoch: [36][ 50/111]	L_zsl 0.0258 (0.0251)	L_cls 0.6827 (0.4193)
[32m[04/25 22:18:19 zsl]: [0mEpoch: [36][ 60/111]	L_zsl 0.0229 (0.0249)	L_cls 0.3462 (0.4200)
[32m[04/25 22:18:39 zsl]: [0mEpoch: [36][ 70/111]	L_zsl 0.0241 (0.0248)	L_cls 0.2747 (0.4157)
[32m[04/25 22:18:59 zsl]: [0mEpoch: [36][ 80/111]	L_zsl 0.0244 (0.0249)	L_cls 0.4168 (0.4118)
[32m[04/25 22:19:18 zsl]: [0mEpoch: [36][ 90/111]	L_zsl 0.0251 (0.0248)	L_cls 0.5909 (0.4222)
[32m[04/25 22:19:38 zsl]: [0mEpoch: [36][100/111]	L_zsl 0.0216 (0.0247)	L_cls 0.3159 (0.4218)
[32m[04/25 22:19:56 zsl]: [0mEpoch: [36][110/111]	L_zsl 0.0225 (0.0245)	L_cls 0.3354 (0.4188)
[32m[04/25 22:20:53 zsl]: [0m SS: 0.8643 UU: 0.7445 ST: 0.8356 UT: 0.5259 H: 0.6455
[32m[04/25 22:21:00 zsl]: [0mEpoch: [37][  0/111]	L_zsl 0.0225 (0.0225)	L_cls 0.4242 (0.4242)
[32m[04/25 22:21:19 zsl]: [0mEpoch: [37][ 10/111]	L_zsl 0.0240 (0.0238)	L_cls 0.4044 (0.3402)
[32m[04/25 22:21:39 zsl]: [0mEpoch: [37][ 20/111]	L_zsl 0.0247 (0.0242)	L_cls 0.3307 (0.3642)
[32m[04/25 22:21:59 zsl]: [0mEpoch: [37][ 30/111]	L_zsl 0.0212 (0.0241)	L_cls 0.2620 (0.3637)
[32m[04/25 22:22:18 zsl]: [0mEpoch: [37][ 40/111]	L_zsl 0.0250 (0.0241)	L_cls 0.5049 (0.3758)
[32m[04/25 22:22:38 zsl]: [0mEpoch: [37][ 50/111]	L_zsl 0.0245 (0.0240)	L_cls 0.4749 (0.3818)
[32m[04/25 22:22:57 zsl]: [0mEpoch: [37][ 60/111]	L_zsl 0.0248 (0.0241)	L_cls 0.3938 (0.3924)
[32m[04/25 22:23:17 zsl]: [0mEpoch: [37][ 70/111]	L_zsl 0.0254 (0.0241)	L_cls 0.5327 (0.4041)
[32m[04/25 22:23:36 zsl]: [0mEpoch: [37][ 80/111]	L_zsl 0.0252 (0.0242)	L_cls 0.5666 (0.4091)
[32m[04/25 22:23:56 zsl]: [0mEpoch: [37][ 90/111]	L_zsl 0.0250 (0.0242)	L_cls 0.4640 (0.4066)
[32m[04/25 22:24:16 zsl]: [0mEpoch: [37][100/111]	L_zsl 0.0235 (0.0242)	L_cls 0.1844 (0.3979)
[32m[04/25 22:24:34 zsl]: [0mEpoch: [37][110/111]	L_zsl 0.0233 (0.0242)	L_cls 0.4438 (0.3989)
[32m[04/25 22:25:32 zsl]: [0m SS: 0.8725 UU: 0.7533 ST: 0.8398 UT: 0.5311 H: 0.6507
[32m[04/25 22:25:32 zsl]: [0msaving!!!!
[32m[04/25 22:25:39 zsl]: [0mEpoch: [38][  0/111]	L_zsl 0.0230 (0.0230)	L_cls 0.2341 (0.2341)
[32m[04/25 22:25:59 zsl]: [0mEpoch: [38][ 10/111]	L_zsl 0.0219 (0.0241)	L_cls 0.1724 (0.3859)
[32m[04/25 22:26:18 zsl]: [0mEpoch: [38][ 20/111]	L_zsl 0.0239 (0.0239)	L_cls 0.2938 (0.3685)
[32m[04/25 22:26:38 zsl]: [0mEpoch: [38][ 30/111]	L_zsl 0.0226 (0.0238)	L_cls 0.2909 (0.3740)
[32m[04/25 22:26:57 zsl]: [0mEpoch: [38][ 40/111]	L_zsl 0.0231 (0.0239)	L_cls 0.2443 (0.3984)
[32m[04/25 22:27:17 zsl]: [0mEpoch: [38][ 50/111]	L_zsl 0.0229 (0.0237)	L_cls 0.3429 (0.3917)
[32m[04/25 22:27:36 zsl]: [0mEpoch: [38][ 60/111]	L_zsl 0.0237 (0.0237)	L_cls 0.2983 (0.3859)
[32m[04/25 22:27:56 zsl]: [0mEpoch: [38][ 70/111]	L_zsl 0.0251 (0.0237)	L_cls 0.6595 (0.3926)
[32m[04/25 22:28:15 zsl]: [0mEpoch: [38][ 80/111]	L_zsl 0.0244 (0.0235)	L_cls 0.5318 (0.3861)
[32m[04/25 22:28:35 zsl]: [0mEpoch: [38][ 90/111]	L_zsl 0.0226 (0.0234)	L_cls 0.3373 (0.3762)
[32m[04/25 22:28:54 zsl]: [0mEpoch: [38][100/111]	L_zsl 0.0238 (0.0234)	L_cls 0.2916 (0.3818)
[32m[04/25 22:29:13 zsl]: [0mEpoch: [38][110/111]	L_zsl 0.0227 (0.0234)	L_cls 0.7771 (0.3957)
[32m[04/25 22:30:10 zsl]: [0m SS: 0.8702 UU: 0.7485 ST: 0.8318 UT: 0.5516 H: 0.6633
[32m[04/25 22:30:10 zsl]: [0msaving!!!!
[32m[04/25 22:30:18 zsl]: [0mEpoch: [39][  0/111]	L_zsl 0.0207 (0.0207)	L_cls 0.1902 (0.1902)
[32m[04/25 22:30:37 zsl]: [0mEpoch: [39][ 10/111]	L_zsl 0.0230 (0.0222)	L_cls 0.4928 (0.3909)
[32m[04/25 22:30:57 zsl]: [0mEpoch: [39][ 20/111]	L_zsl 0.0222 (0.0229)	L_cls 0.4555 (0.3531)
[32m[04/25 22:31:16 zsl]: [0mEpoch: [39][ 30/111]	L_zsl 0.0228 (0.0230)	L_cls 0.4353 (0.3833)
[32m[04/25 22:31:36 zsl]: [0mEpoch: [39][ 40/111]	L_zsl 0.0234 (0.0228)	L_cls 0.5378 (0.3985)
[32m[04/25 22:31:56 zsl]: [0mEpoch: [39][ 50/111]	L_zsl 0.0225 (0.0226)	L_cls 0.6760 (0.3895)
[32m[04/25 22:32:15 zsl]: [0mEpoch: [39][ 60/111]	L_zsl 0.0232 (0.0227)	L_cls 0.4077 (0.3854)
[32m[04/25 22:32:35 zsl]: [0mEpoch: [39][ 70/111]	L_zsl 0.0228 (0.0227)	L_cls 0.2455 (0.3829)
[32m[04/25 22:32:54 zsl]: [0mEpoch: [39][ 80/111]	L_zsl 0.0229 (0.0228)	L_cls 0.3583 (0.3797)
[32m[04/25 22:33:14 zsl]: [0mEpoch: [39][ 90/111]	L_zsl 0.0224 (0.0227)	L_cls 0.2568 (0.3831)
[32m[04/25 22:33:33 zsl]: [0mEpoch: [39][100/111]	L_zsl 0.0222 (0.0228)	L_cls 0.3223 (0.3900)
[32m[04/25 22:33:52 zsl]: [0mEpoch: [39][110/111]	L_zsl 0.0195 (0.0228)	L_cls 0.0297 (0.3901)
[32m[04/25 22:34:50 zsl]: [0m SS: 0.8691 UU: 0.7508 ST: 0.8374 UT: 0.5429 H: 0.6587
[32m[04/25 22:34:57 zsl]: [0mEpoch: [40][  0/111]	L_zsl 0.0237 (0.0237)	L_cls 0.2440 (0.2440)
[32m[04/25 22:35:17 zsl]: [0mEpoch: [40][ 10/111]	L_zsl 0.0227 (0.0224)	L_cls 0.4135 (0.4096)
[32m[04/25 22:35:37 zsl]: [0mEpoch: [40][ 20/111]	L_zsl 0.0228 (0.0221)	L_cls 0.5280 (0.4114)
[32m[04/25 22:35:56 zsl]: [0mEpoch: [40][ 30/111]	L_zsl 0.0212 (0.0221)	L_cls 0.2306 (0.3937)
[32m[04/25 22:36:16 zsl]: [0mEpoch: [40][ 40/111]	L_zsl 0.0216 (0.0221)	L_cls 0.2053 (0.3864)
[32m[04/25 22:36:35 zsl]: [0mEpoch: [40][ 50/111]	L_zsl 0.0209 (0.0219)	L_cls 0.2451 (0.3910)
[32m[04/25 22:36:55 zsl]: [0mEpoch: [40][ 60/111]	L_zsl 0.0211 (0.0218)	L_cls 0.3423 (0.3902)
[32m[04/25 22:37:15 zsl]: [0mEpoch: [40][ 70/111]	L_zsl 0.0211 (0.0218)	L_cls 0.2450 (0.3926)
[32m[04/25 22:37:34 zsl]: [0mEpoch: [40][ 80/111]	L_zsl 0.0210 (0.0217)	L_cls 0.3802 (0.3896)
[32m[04/25 22:37:54 zsl]: [0mEpoch: [40][ 90/111]	L_zsl 0.0216 (0.0217)	L_cls 0.2984 (0.3916)
[32m[04/25 22:38:13 zsl]: [0mEpoch: [40][100/111]	L_zsl 0.0220 (0.0216)	L_cls 0.2790 (0.3918)
[32m[04/25 22:38:32 zsl]: [0mEpoch: [40][110/111]	L_zsl 0.0238 (0.0217)	L_cls 0.7796 (0.3997)
[32m[04/25 22:39:29 zsl]: [0m SS: 0.8727 UU: 0.7564 ST: 0.8403 UT: 0.5316 H: 0.6512
[32m[04/25 22:39:36 zsl]: [0mEpoch: [41][  0/111]	L_zsl 0.0234 (0.0234)	L_cls 0.6973 (0.6973)
[32m[04/25 22:39:55 zsl]: [0mEpoch: [41][ 10/111]	L_zsl 0.0204 (0.0215)	L_cls 0.3451 (0.4040)
[32m[04/25 22:40:15 zsl]: [0mEpoch: [41][ 20/111]	L_zsl 0.0202 (0.0210)	L_cls 0.4659 (0.3725)
[32m[04/25 22:40:34 zsl]: [0mEpoch: [41][ 30/111]	L_zsl 0.0212 (0.0210)	L_cls 0.2320 (0.3831)
[32m[04/25 22:40:54 zsl]: [0mEpoch: [41][ 40/111]	L_zsl 0.0212 (0.0211)	L_cls 0.4385 (0.3760)
[32m[04/25 22:41:14 zsl]: [0mEpoch: [41][ 50/111]	L_zsl 0.0220 (0.0211)	L_cls 0.2999 (0.3893)
[32m[04/25 22:41:33 zsl]: [0mEpoch: [41][ 60/111]	L_zsl 0.0197 (0.0211)	L_cls 0.3450 (0.3838)
[32m[04/25 22:41:53 zsl]: [0mEpoch: [41][ 70/111]	L_zsl 0.0205 (0.0211)	L_cls 0.1921 (0.3953)
[32m[04/25 22:42:12 zsl]: [0mEpoch: [41][ 80/111]	L_zsl 0.0211 (0.0212)	L_cls 0.3598 (0.3925)
[32m[04/25 22:42:32 zsl]: [0mEpoch: [41][ 90/111]	L_zsl 0.0206 (0.0212)	L_cls 0.1329 (0.3872)
[32m[04/25 22:42:51 zsl]: [0mEpoch: [41][100/111]	L_zsl 0.0205 (0.0213)	L_cls 0.5431 (0.3887)
[32m[04/25 22:43:10 zsl]: [0mEpoch: [41][110/111]	L_zsl 0.0228 (0.0212)	L_cls 0.5934 (0.3900)
[32m[04/25 22:44:08 zsl]: [0m SS: 0.8704 UU: 0.7512 ST: 0.8378 UT: 0.5395 H: 0.6564
[32m[04/25 22:44:15 zsl]: [0mEpoch: [42][  0/111]	L_zsl 0.0198 (0.0198)	L_cls 0.2591 (0.2591)
[32m[04/25 22:44:35 zsl]: [0mEpoch: [42][ 10/111]	L_zsl 0.0186 (0.0196)	L_cls 0.2742 (0.2631)
[32m[04/25 22:44:55 zsl]: [0mEpoch: [42][ 20/111]	L_zsl 0.0188 (0.0194)	L_cls 0.2450 (0.2931)
[32m[04/25 22:45:14 zsl]: [0mEpoch: [42][ 30/111]	L_zsl 0.0207 (0.0196)	L_cls 0.4136 (0.3466)
[32m[04/25 22:45:34 zsl]: [0mEpoch: [42][ 40/111]	L_zsl 0.0200 (0.0199)	L_cls 0.2851 (0.3583)
[32m[04/25 22:45:53 zsl]: [0mEpoch: [42][ 50/111]	L_zsl 0.0225 (0.0202)	L_cls 0.4011 (0.3742)
[32m[04/25 22:46:13 zsl]: [0mEpoch: [42][ 60/111]	L_zsl 0.0205 (0.0203)	L_cls 0.4813 (0.3786)
