nohup: ignoring input
['build_position_encoding', 'load_state_dict_from_url']
[32m[04/25 19:38:46 zsl]: [0mNamespace(L_cls=1.0, att_emb_dim=8, backbone='resnet101', batch_size=512, data='../../data/CUB_200_2011/CUB_200_2011/images/', data_name='cub', dist_backend='gloo', dist_url='tcp://224.66.41.62:23456', distributed=False, epoch_decay=30, epochs=90, flipping_test=False, gpu=None, is_fix=True, is_syncbn=False, local_rank=0, logger=<Logger zsl (DEBUG)>, lr=0.0004, model='dpn', momentum=0.9, n_dec=3, n_enc=0, print_freq=10, resume='', save_path='output/cub/run_r101_dpn_bs64_lr2e-4', seed=866, start_epoch=0, vis_emb_dim=512, weight_decay=0.0001, workers=32, world_size=1)
[32m[04/25 19:38:46 zsl]: [0m==> random seed: 866
[32m[04/25 19:39:38 zsl]: [0mEpoch: [0][ 0/14]	L_zsl 0.7401 (0.7401)	L_cls 5.2980 (5.2980)
[32m[04/25 19:40:28 zsl]: [0mEpoch: [0][10/14]	L_zsl 0.2683 (0.2529)	L_cls 5.0275 (5.1565)
/home/v-shaomi/anaconda3/lib/python3.7/site-packages/torch/nn/functional.py:1569: UserWarning: nn.functional.sigmoid is deprecated. Use torch.sigmoid instead.
  warnings.warn("nn.functional.sigmoid is deprecated. Use torch.sigmoid instead.")
[32m[04/25 19:43:11 zsl]: [0m SS: 0.0139 UU: 0.0385 ST: 0.0115 UT: 0.0088 H: 0.0099
[32m[04/25 19:43:12 zsl]: [0msaving!!!!
[32m[04/25 19:43:33 zsl]: [0mEpoch: [1][ 0/14]	L_zsl 0.0891 (0.0891)	L_cls 4.8737 (4.8737)
[32m[04/25 19:44:23 zsl]: [0mEpoch: [1][10/14]	L_zsl 0.0762 (0.1063)	L_cls 4.5640 (4.7725)
[32m[04/25 19:45:42 zsl]: [0m SS: 0.0257 UU: 0.0588 ST: 0.0249 UT: 0.0034 H: 0.0059
[32m[04/25 19:46:07 zsl]: [0mEpoch: [2][ 0/14]	L_zsl 0.1233 (0.1233)	L_cls 5.0488 (5.0488)
[32m[04/25 19:46:57 zsl]: [0mEpoch: [2][10/14]	L_zsl 0.2375 (0.1242)	L_cls 5.3803 (4.7960)
[32m[04/25 19:48:11 zsl]: [0m SS: 0.0246 UU: 0.0605 ST: 0.0223 UT: 0.0101 H: 0.0139
[32m[04/25 19:48:12 zsl]: [0msaving!!!!
[32m[04/25 19:48:30 zsl]: [0mEpoch: [3][ 0/14]	L_zsl 0.0618 (0.0618)	L_cls 4.5143 (4.5143)
[32m[04/25 19:49:20 zsl]: [0mEpoch: [3][10/14]	L_zsl 0.0482 (0.0711)	L_cls 4.1564 (4.4532)
[32m[04/25 19:50:35 zsl]: [0m SS: 0.0280 UU: 0.0608 ST: 0.0239 UT: 0.0130 H: 0.0168
[32m[04/25 19:50:36 zsl]: [0msaving!!!!
[32m[04/25 19:50:59 zsl]: [0mEpoch: [4][ 0/14]	L_zsl 0.1484 (0.1484)	L_cls 4.7285 (4.7285)
[32m[04/25 19:52:43 zsl]: [0mEpoch: [4][10/14]	L_zsl 0.0820 (0.0826)	L_cls 4.3642 (4.4346)
[32m[04/25 19:54:54 zsl]: [0m SS: 0.0628 UU: 0.1174 ST: 0.0486 UT: 0.0318 H: 0.0384
[32m[04/25 19:54:55 zsl]: [0msaving!!!!
[32m[04/25 19:55:19 zsl]: [0mEpoch: [5][ 0/14]	L_zsl 0.0677 (0.0677)	L_cls 4.0035 (4.0035)
[32m[04/25 19:56:17 zsl]: [0mEpoch: [5][10/14]	L_zsl 0.0692 (0.0734)	L_cls 3.8670 (3.9961)
[32m[04/25 19:57:32 zsl]: [0m SS: 0.0748 UU: 0.1613 ST: 0.0609 UT: 0.0425 H: 0.0500
[32m[04/25 19:57:33 zsl]: [0msaving!!!!
[32m[04/25 19:57:58 zsl]: [0mEpoch: [6][ 0/14]	L_zsl 0.0902 (0.0902)	L_cls 3.7802 (3.7802)
[32m[04/25 19:58:48 zsl]: [0mEpoch: [6][10/14]	L_zsl 0.0851 (0.0844)	L_cls 3.4836 (3.6574)
[32m[04/25 20:00:03 zsl]: [0m SS: 0.0453 UU: 0.1170 ST: 0.0423 UT: 0.0107 H: 0.0170
[32m[04/25 20:00:21 zsl]: [0mEpoch: [7][ 0/14]	L_zsl 0.1771 (0.1771)	L_cls 3.9702 (3.9702)
[32m[04/25 20:01:11 zsl]: [0mEpoch: [7][10/14]	L_zsl 0.0853 (0.1070)	L_cls 3.3618 (3.5516)
[32m[04/25 20:02:27 zsl]: [0m SS: 0.1158 UU: 0.2324 ST: 0.0915 UT: 0.0612 H: 0.0734
[32m[04/25 20:02:28 zsl]: [0msaving!!!!
[32m[04/25 20:02:48 zsl]: [0mEpoch: [8][ 0/14]	L_zsl 0.0872 (0.0872)	L_cls 3.1756 (3.1756)
[32m[04/25 20:03:38 zsl]: [0mEpoch: [8][10/14]	L_zsl 0.1185 (0.1144)	L_cls 3.3492 (3.2677)
[32m[04/25 20:04:54 zsl]: [0m SS: 0.1763 UU: 0.3127 ST: 0.1444 UT: 0.0979 H: 0.1167
[32m[04/25 20:04:54 zsl]: [0msaving!!!!
[32m[04/25 20:05:15 zsl]: [0mEpoch: [9][ 0/14]	L_zsl 0.1164 (0.1164)	L_cls 2.8062 (2.8062)
[32m[04/25 20:06:05 zsl]: [0mEpoch: [9][10/14]	L_zsl 0.1221 (0.1274)	L_cls 2.7725 (2.7943)
[32m[04/25 20:07:23 zsl]: [0m SS: 0.2354 UU: 0.3681 ST: 0.2032 UT: 0.1334 H: 0.1610
[32m[04/25 20:07:24 zsl]: [0msaving!!!!
[32m[04/25 20:07:44 zsl]: [0mEpoch: [10][ 0/14]	L_zsl 0.1113 (0.1113)	L_cls 2.4767 (2.4767)
[32m[04/25 20:09:21 zsl]: [0mEpoch: [10][10/14]	L_zsl 0.1727 (0.1393)	L_cls 2.5562 (2.4219)
[32m[04/25 20:10:36 zsl]: [0m SS: 0.1926 UU: 0.3094 ST: 0.1702 UT: 0.1157 H: 0.1378
[32m[04/25 20:10:55 zsl]: [0mEpoch: [11][ 0/14]	L_zsl 0.1437 (0.1437)	L_cls 2.6869 (2.6869)
[32m[04/25 20:11:45 zsl]: [0mEpoch: [11][10/14]	L_zsl 0.1455 (0.1588)	L_cls 2.1146 (2.3717)
[32m[04/25 20:13:01 zsl]: [0m SS: 0.3580 UU: 0.4839 ST: 0.3241 UT: 0.2216 H: 0.2632
[32m[04/25 20:13:02 zsl]: [0msaving!!!!
[32m[04/25 20:13:26 zsl]: [0mEpoch: [12][ 0/14]	L_zsl 0.1404 (0.1404)	L_cls 1.8290 (1.8290)
[32m[04/25 20:14:20 zsl]: [0mEpoch: [12][10/14]	L_zsl 0.1581 (0.1577)	L_cls 1.7935 (1.9176)
[32m[04/25 20:15:36 zsl]: [0m SS: 0.4655 UU: 0.5281 ST: 0.4255 UT: 0.2240 H: 0.2935
[32m[04/25 20:15:37 zsl]: [0msaving!!!!
[32m[04/25 20:15:58 zsl]: [0mEpoch: [13][ 0/14]	L_zsl 0.1603 (0.1603)	L_cls 1.8160 (1.8160)
[32m[04/25 20:16:48 zsl]: [0mEpoch: [13][10/14]	L_zsl 0.1513 (0.1594)	L_cls 1.6712 (1.8474)
[32m[04/25 20:18:03 zsl]: [0m SS: 0.4963 UU: 0.5436 ST: 0.4608 UT: 0.2382 H: 0.3140
[32m[04/25 20:18:04 zsl]: [0msaving!!!!
[32m[04/25 20:18:21 zsl]: [0mEpoch: [14][ 0/14]	L_zsl 0.1475 (0.1475)	L_cls 1.5000 (1.5000)
[32m[04/25 20:19:11 zsl]: [0mEpoch: [14][10/14]	L_zsl 0.1350 (0.1458)	L_cls 1.4506 (1.5819)
[32m[04/25 20:20:26 zsl]: [0m SS: 0.4760 UU: 0.5061 ST: 0.4422 UT: 0.1980 H: 0.2735
[32m[04/25 20:20:44 zsl]: [0mEpoch: [15][ 0/14]	L_zsl 0.1661 (0.1661)	L_cls 1.6649 (1.6649)
[32m[04/25 20:21:34 zsl]: [0mEpoch: [15][10/14]	L_zsl 0.1289 (0.1524)	L_cls 1.5336 (1.5255)
[32m[04/25 20:22:50 zsl]: [0m SS: 0.5682 UU: 0.5982 ST: 0.5287 UT: 0.2875 H: 0.3725
[32m[04/25 20:22:51 zsl]: [0msaving!!!!
[32m[04/25 20:23:08 zsl]: [0mEpoch: [16][ 0/14]	L_zsl 0.1222 (0.1222)	L_cls 1.4950 (1.4950)
[32m[04/25 20:23:58 zsl]: [0mEpoch: [16][10/14]	L_zsl 0.1366 (0.1449)	L_cls 1.4123 (1.4401)
[32m[04/25 20:25:12 zsl]: [0m SS: 0.6039 UU: 0.5930 ST: 0.5718 UT: 0.3072 H: 0.3997
[32m[04/25 20:25:13 zsl]: [0msaving!!!!
[32m[04/25 20:25:36 zsl]: [0mEpoch: [17][ 0/14]	L_zsl 0.1126 (0.1126)	L_cls 1.3298 (1.3298)
[32m[04/25 20:26:26 zsl]: [0mEpoch: [17][10/14]	L_zsl 0.1480 (0.1397)	L_cls 1.3162 (1.3082)
[32m[04/25 20:27:40 zsl]: [0m SS: 0.6289 UU: 0.6153 ST: 0.5854 UT: 0.3298 H: 0.4219
[32m[04/25 20:27:41 zsl]: [0msaving!!!!
[32m[04/25 20:27:58 zsl]: [0mEpoch: [18][ 0/14]	L_zsl 0.1135 (0.1135)	L_cls 1.1843 (1.1843)
[32m[04/25 20:28:48 zsl]: [0mEpoch: [18][10/14]	L_zsl 0.1672 (0.1384)	L_cls 1.3892 (1.3092)
[32m[04/25 20:30:04 zsl]: [0m SS: 0.5561 UU: 0.5511 ST: 0.5208 UT: 0.2644 H: 0.3508
[32m[04/25 20:30:25 zsl]: [0mEpoch: [19][ 0/14]	L_zsl 0.1602 (0.1602)	L_cls 1.4988 (1.4988)
[32m[04/25 20:31:16 zsl]: [0mEpoch: [19][10/14]	L_zsl 0.1340 (0.1433)	L_cls 1.1336 (1.2999)
[32m[04/25 20:32:29 zsl]: [0m SS: 0.6420 UU: 0.6191 ST: 0.5974 UT: 0.3305 H: 0.4255
[32m[04/25 20:32:30 zsl]: [0msaving!!!!
[32m[04/25 20:32:52 zsl]: [0mEpoch: [20][ 0/14]	L_zsl 0.1209 (0.1209)	L_cls 1.1163 (1.1163)
[32m[04/25 20:33:42 zsl]: [0mEpoch: [20][10/14]	L_zsl 0.1576 (0.1377)	L_cls 1.2737 (1.1929)
[32m[04/25 20:35:01 zsl]: [0m SS: 0.6638 UU: 0.5970 ST: 0.6295 UT: 0.2887 H: 0.3958
[32m[04/25 20:35:21 zsl]: [0mEpoch: [21][ 0/14]	L_zsl 0.1273 (0.1273)	L_cls 1.1509 (1.1509)
[32m[04/25 20:36:11 zsl]: [0mEpoch: [21][10/14]	L_zsl 0.1566 (0.1310)	L_cls 1.2180 (1.1556)
[32m[04/25 20:37:27 zsl]: [0m SS: 0.6752 UU: 0.6118 ST: 0.6437 UT: 0.2984 H: 0.4078
[32m[04/25 20:37:49 zsl]: [0mEpoch: [22][ 0/14]	L_zsl 0.1380 (0.1380)	L_cls 1.0825 (1.0825)
[32m[04/25 20:38:39 zsl]: [0mEpoch: [22][10/14]	L_zsl 0.1184 (0.1230)	L_cls 1.0589 (1.0555)
[32m[04/25 20:39:54 zsl]: [0m SS: 0.7014 UU: 0.6453 ST: 0.6697 UT: 0.3179 H: 0.4311
[32m[04/25 20:39:55 zsl]: [0msaving!!!!
[32m[04/25 20:40:12 zsl]: [0mEpoch: [23][ 0/14]	L_zsl 0.1158 (0.1158)	L_cls 1.0653 (1.0653)
[32m[04/25 20:41:02 zsl]: [0mEpoch: [23][10/14]	L_zsl 0.1177 (0.1259)	L_cls 1.0777 (1.0999)
[32m[04/25 20:42:15 zsl]: [0m SS: 0.6907 UU: 0.6388 ST: 0.6582 UT: 0.3229 H: 0.4332
[32m[04/25 20:42:16 zsl]: [0msaving!!!!
[32m[04/25 20:42:36 zsl]: [0mEpoch: [24][ 0/14]	L_zsl 0.1129 (0.1129)	L_cls 1.0687 (1.0687)
[32m[04/25 20:43:26 zsl]: [0mEpoch: [24][10/14]	L_zsl 0.1115 (0.1200)	L_cls 0.9792 (1.0241)
[32m[04/25 20:44:43 zsl]: [0m SS: 0.7105 UU: 0.6462 ST: 0.6806 UT: 0.3476 H: 0.4602
[32m[04/25 20:44:44 zsl]: [0msaving!!!!
[32m[04/25 20:45:05 zsl]: [0mEpoch: [25][ 0/14]	L_zsl 0.0991 (0.0991)	L_cls 1.0657 (1.0657)
[32m[04/25 20:45:55 zsl]: [0mEpoch: [25][10/14]	L_zsl 0.1014 (0.1175)	L_cls 1.0238 (1.0025)
[32m[04/25 20:47:10 zsl]: [0m SS: 0.7043 UU: 0.6295 ST: 0.6706 UT: 0.3265 H: 0.4392
[32m[04/25 20:47:28 zsl]: [0mEpoch: [26][ 0/14]	L_zsl 0.1001 (0.1001)	L_cls 1.0651 (1.0651)
[32m[04/25 20:48:18 zsl]: [0mEpoch: [26][10/14]	L_zsl 0.1017 (0.1119)	L_cls 0.9971 (0.9763)
[32m[04/25 20:49:34 zsl]: [0m SS: 0.6882 UU: 0.6407 ST: 0.6622 UT: 0.3319 H: 0.4422
[32m[04/25 20:49:50 zsl]: [0mEpoch: [27][ 0/14]	L_zsl 0.1182 (0.1182)	L_cls 0.9041 (0.9041)
[32m[04/25 20:50:40 zsl]: [0mEpoch: [27][10/14]	L_zsl 0.1320 (0.1158)	L_cls 0.9208 (0.9548)
[32m[04/25 20:51:55 zsl]: [0m SS: 0.7381 UU: 0.6518 ST: 0.7037 UT: 0.3444 H: 0.4625
[32m[04/25 20:51:56 zsl]: [0msaving!!!!
[32m[04/25 20:52:19 zsl]: [0mEpoch: [28][ 0/14]	L_zsl 0.1044 (0.1044)	L_cls 0.9979 (0.9979)
[32m[04/25 20:53:08 zsl]: [0mEpoch: [28][10/14]	L_zsl 0.1268 (0.1352)	L_cls 1.5572 (1.1251)
[32m[04/25 20:54:23 zsl]: [0m SS: 0.6858 UU: 0.6058 ST: 0.6435 UT: 0.3145 H: 0.4225
[32m[04/25 20:54:41 zsl]: [0mEpoch: [29][ 0/14]	L_zsl 0.1687 (0.1687)	L_cls 1.1377 (1.1377)
[32m[04/25 20:55:31 zsl]: [0mEpoch: [29][10/14]	L_zsl 0.1146 (0.1345)	L_cls 0.9427 (0.9807)
[32m[04/25 20:56:46 zsl]: [0m SS: 0.7314 UU: 0.6490 ST: 0.7026 UT: 0.3371 H: 0.4556
[32m[04/25 20:57:06 zsl]: [0mEpoch: [30][ 0/14]	L_zsl 0.1218 (0.1218)	L_cls 0.9166 (0.9166)
[32m[04/25 20:57:56 zsl]: [0mEpoch: [30][10/14]	L_zsl 0.0962 (0.1082)	L_cls 0.7110 (0.8120)
[32m[04/25 20:59:10 zsl]: [0m SS: 0.7466 UU: 0.6757 ST: 0.7127 UT: 0.3759 H: 0.4922
[32m[04/25 20:59:11 zsl]: [0msaving!!!!
[32m[04/25 20:59:27 zsl]: [0mEpoch: [31][ 0/14]	L_zsl 0.0935 (0.0935)	L_cls 0.7034 (0.7034)
[32m[04/25 21:00:18 zsl]: [0mEpoch: [31][10/14]	L_zsl 0.0883 (0.0906)	L_cls 0.8315 (0.7440)
[32m[04/25 21:01:31 zsl]: [0m SS: 0.7493 UU: 0.6812 ST: 0.7157 UT: 0.3860 H: 0.5015
[32m[04/25 21:01:32 zsl]: [0msaving!!!!
[32m[04/25 21:01:52 zsl]: [0mEpoch: [32][ 0/14]	L_zsl 0.0892 (0.0892)	L_cls 0.7661 (0.7661)
[32m[04/25 21:02:42 zsl]: [0mEpoch: [32][10/14]	L_zsl 0.0828 (0.0862)	L_cls 0.7180 (0.7852)
[32m[04/25 21:03:55 zsl]: [0m SS: 0.7516 UU: 0.6764 ST: 0.7150 UT: 0.3764 H: 0.4932
[32m[04/25 21:04:13 zsl]: [0mEpoch: [33][ 0/14]	L_zsl 0.0854 (0.0854)	L_cls 0.8109 (0.8109)
[32m[04/25 21:05:03 zsl]: [0mEpoch: [33][10/14]	L_zsl 0.0810 (0.0825)	L_cls 0.8264 (0.7871)
[32m[04/25 21:06:19 zsl]: [0m SS: 0.7526 UU: 0.6785 ST: 0.7177 UT: 0.3806 H: 0.4974
[32m[04/25 21:06:40 zsl]: [0mEpoch: [34][ 0/14]	L_zsl 0.0808 (0.0808)	L_cls 0.8204 (0.8204)
[32m[04/25 21:07:30 zsl]: [0mEpoch: [34][10/14]	L_zsl 0.0776 (0.0781)	L_cls 0.6317 (0.7600)
[32m[04/25 21:08:45 zsl]: [0m SS: 0.7589 UU: 0.6762 ST: 0.7214 UT: 0.3794 H: 0.4972
[32m[04/25 21:09:03 zsl]: [0mEpoch: [35][ 0/14]	L_zsl 0.0799 (0.0799)	L_cls 0.8019 (0.8019)
[32m[04/25 21:09:53 zsl]: [0mEpoch: [35][10/14]	L_zsl 0.0759 (0.0753)	L_cls 0.7145 (0.7435)
[32m[04/25 21:11:09 zsl]: [0m SS: 0.7603 UU: 0.6780 ST: 0.7226 UT: 0.3828 H: 0.5005
[32m[04/25 21:11:28 zsl]: [0mEpoch: [36][ 0/14]	L_zsl 0.0710 (0.0710)	L_cls 0.7006 (0.7006)
[32m[04/25 21:12:19 zsl]: [0mEpoch: [36][10/14]	L_zsl 0.0706 (0.0720)	L_cls 0.7900 (0.7433)
[32m[04/25 21:13:32 zsl]: [0m SS: 0.7573 UU: 0.6811 ST: 0.7229 UT: 0.3838 H: 0.5014
[32m[04/25 21:13:52 zsl]: [0mEpoch: [37][ 0/14]	L_zsl 0.0726 (0.0726)	L_cls 0.6209 (0.6209)
[32m[04/25 21:14:42 zsl]: [0mEpoch: [37][10/14]	L_zsl 0.0701 (0.0720)	L_cls 0.6780 (0.7532)
[32m[04/25 21:15:57 zsl]: [0m SS: 0.7596 UU: 0.6783 ST: 0.7222 UT: 0.3910 H: 0.5074
[32m[04/25 21:15:58 zsl]: [0msaving!!!!
[32m[04/25 21:16:21 zsl]: [0mEpoch: [38][ 0/14]	L_zsl 0.0675 (0.0675)	L_cls 0.7707 (0.7707)
[32m[04/25 21:17:11 zsl]: [0mEpoch: [38][10/14]	L_zsl 0.0680 (0.0688)	L_cls 0.8799 (0.7386)
[32m[04/25 21:18:25 zsl]: [0m SS: 0.7539 UU: 0.6826 ST: 0.7212 UT: 0.3904 H: 0.5066
[32m[04/25 21:18:46 zsl]: [0mEpoch: [39][ 0/14]	L_zsl 0.0668 (0.0668)	L_cls 0.6358 (0.6358)
[32m[04/25 21:19:36 zsl]: [0mEpoch: [39][10/14]	L_zsl 0.0651 (0.0662)	L_cls 0.6836 (0.7247)
[32m[04/25 21:20:50 zsl]: [0m SS: 0.7558 UU: 0.6819 ST: 0.7203 UT: 0.3853 H: 0.5020
[32m[04/25 21:21:10 zsl]: [0mEpoch: [40][ 0/14]	L_zsl 0.0674 (0.0674)	L_cls 0.6949 (0.6949)
[32m[04/25 21:22:00 zsl]: [0mEpoch: [40][10/14]	L_zsl 0.0627 (0.0661)	L_cls 0.7103 (0.7204)
[32m[04/25 21:23:14 zsl]: [0m SS: 0.7564 UU: 0.6803 ST: 0.7244 UT: 0.3808 H: 0.4992
[32m[04/25 21:23:35 zsl]: [0mEpoch: [41][ 0/14]	L_zsl 0.0639 (0.0639)	L_cls 0.6638 (0.6638)
[32m[04/25 21:24:25 zsl]: [0mEpoch: [41][10/14]	L_zsl 0.0631 (0.0646)	L_cls 0.8034 (0.7270)
[32m[04/25 21:25:39 zsl]: [0m SS: 0.7625 UU: 0.6813 ST: 0.7271 UT: 0.3786 H: 0.4980
[32m[04/25 21:25:57 zsl]: [0mEpoch: [42][ 0/14]	L_zsl 0.0636 (0.0636)	L_cls 0.6867 (0.6867)
[32m[04/25 21:26:47 zsl]: [0mEpoch: [42][10/14]	L_zsl 0.0620 (0.0627)	L_cls 0.7231 (0.7482)
[32m[04/25 21:28:01 zsl]: [0m SS: 0.7621 UU: 0.6805 ST: 0.7298 UT: 0.3768 H: 0.4970
[32m[04/25 21:28:19 zsl]: [0mEpoch: [43][ 0/14]	L_zsl 0.0647 (0.0647)	L_cls 0.7056 (0.7056)
[32m[04/25 21:29:10 zsl]: [0mEpoch: [43][10/14]	L_zsl 0.0614 (0.0624)	L_cls 0.8446 (0.7442)
[32m[04/25 21:30:23 zsl]: [0m SS: 0.7606 UU: 0.6828 ST: 0.7254 UT: 0.3807 H: 0.4994
[32m[04/25 21:30:46 zsl]: [0mEpoch: [44][ 0/14]	L_zsl 0.0611 (0.0611)	L_cls 0.7373 (0.7373)
[32m[04/25 21:31:36 zsl]: [0mEpoch: [44][10/14]	L_zsl 0.0585 (0.0597)	L_cls 0.7263 (0.7070)
[32m[04/25 21:32:49 zsl]: [0m SS: 0.7669 UU: 0.6834 ST: 0.7318 UT: 0.3865 H: 0.5059
[32m[04/25 21:33:06 zsl]: [0mEpoch: [45][ 0/14]	L_zsl 0.0582 (0.0582)	L_cls 0.6826 (0.6826)
[32m[04/25 21:33:56 zsl]: [0mEpoch: [45][10/14]	L_zsl 0.0587 (0.0586)	L_cls 0.7244 (0.7235)
[32m[04/25 21:35:13 zsl]: [0m SS: 0.7661 UU: 0.6782 ST: 0.7317 UT: 0.3787 H: 0.4991
[32m[04/25 21:35:34 zsl]: [0mEpoch: [46][ 0/14]	L_zsl 0.0595 (0.0595)	L_cls 0.8272 (0.8272)
[32m[04/25 21:36:25 zsl]: [0mEpoch: [46][10/14]	L_zsl 0.0555 (0.0569)	L_cls 0.6576 (0.7188)
[32m[04/25 21:37:39 zsl]: [0m SS: 0.7645 UU: 0.6819 ST: 0.7300 UT: 0.3767 H: 0.4970
[32m[04/25 21:37:57 zsl]: [0mEpoch: [47][ 0/14]	L_zsl 0.0588 (0.0588)	L_cls 0.6502 (0.6502)
[32m[04/25 21:38:48 zsl]: [0mEpoch: [47][10/14]	L_zsl 0.0535 (0.0560)	L_cls 0.7743 (0.7436)
[32m[04/25 21:40:01 zsl]: [0m SS: 0.7605 UU: 0.6811 ST: 0.7284 UT: 0.3734 H: 0.4937
[32m[04/25 21:40:20 zsl]: [0mEpoch: [48][ 0/14]	L_zsl 0.0583 (0.0583)	L_cls 0.7813 (0.7813)
[32m[04/25 21:41:10 zsl]: [0mEpoch: [48][10/14]	L_zsl 0.0529 (0.0554)	L_cls 0.7191 (0.7368)
[32m[04/25 21:42:26 zsl]: [0m SS: 0.7692 UU: 0.6813 ST: 0.7359 UT: 0.3843 H: 0.5049
[32m[04/25 21:42:43 zsl]: [0mEpoch: [49][ 0/14]	L_zsl 0.0526 (0.0526)	L_cls 0.7135 (0.7135)
[32m[04/25 21:43:33 zsl]: [0mEpoch: [49][10/14]	L_zsl 0.0551 (0.0543)	L_cls 0.6596 (0.7149)
[32m[04/25 21:44:49 zsl]: [0m SS: 0.7639 UU: 0.6866 ST: 0.7309 UT: 0.3786 H: 0.4988
[32m[04/25 21:45:09 zsl]: [0mEpoch: [50][ 0/14]	L_zsl 0.0540 (0.0540)	L_cls 0.6895 (0.6895)
[32m[04/25 21:45:59 zsl]: [0mEpoch: [50][10/14]	L_zsl 0.0535 (0.0532)	L_cls 0.6864 (0.7026)
[32m[04/25 21:47:13 zsl]: [0m SS: 0.7701 UU: 0.6778 ST: 0.7365 UT: 0.3768 H: 0.4986
[32m[04/25 21:47:34 zsl]: [0mEpoch: [51][ 0/14]	L_zsl 0.0550 (0.0550)	L_cls 0.7705 (0.7705)
[32m[04/25 21:48:24 zsl]: [0mEpoch: [51][10/14]	L_zsl 0.0548 (0.0526)	L_cls 0.8089 (0.7208)
[32m[04/25 21:49:40 zsl]: [0m SS: 0.7647 UU: 0.6821 ST: 0.7281 UT: 0.3846 H: 0.5033
[32m[04/25 21:49:56 zsl]: [0mEpoch: [52][ 0/14]	L_zsl 0.0522 (0.0522)	L_cls 0.5943 (0.5943)
[32m[04/25 21:50:46 zsl]: [0mEpoch: [52][10/14]	L_zsl 0.0494 (0.0504)	L_cls 0.6818 (0.6810)
[32m[04/25 21:52:03 zsl]: [0m SS: 0.7652 UU: 0.6780 ST: 0.7327 UT: 0.3810 H: 0.5013
[32m[04/25 21:52:24 zsl]: [0mEpoch: [53][ 0/14]	L_zsl 0.0514 (0.0514)	L_cls 0.6998 (0.6998)
[32m[04/25 21:53:13 zsl]: [0mEpoch: [53][10/14]	L_zsl 0.0483 (0.0517)	L_cls 0.6788 (0.6986)
[32m[04/25 21:54:30 zsl]: [0m SS: 0.7700 UU: 0.6832 ST: 0.7363 UT: 0.3831 H: 0.5040
[32m[04/25 21:54:47 zsl]: [0mEpoch: [54][ 0/14]	L_zsl 0.0495 (0.0495)	L_cls 0.7132 (0.7132)
[32m[04/25 21:55:37 zsl]: [0mEpoch: [54][10/14]	L_zsl 0.0483 (0.0494)	L_cls 0.6523 (0.6892)
[32m[04/25 21:56:52 zsl]: [0m SS: 0.7675 UU: 0.6806 ST: 0.7337 UT: 0.3789 H: 0.4997
[32m[04/25 21:57:12 zsl]: [0mEpoch: [55][ 0/14]	L_zsl 0.0499 (0.0499)	L_cls 0.6837 (0.6837)
[32m[04/25 21:58:02 zsl]: [0mEpoch: [55][10/14]	L_zsl 0.0478 (0.0487)	L_cls 0.6733 (0.6786)
[32m[04/25 21:59:17 zsl]: [0m SS: 0.7680 UU: 0.6861 ST: 0.7332 UT: 0.3890 H: 0.5084
[32m[04/25 21:59:18 zsl]: [0msaving!!!!
[32m[04/25 21:59:36 zsl]: [0mEpoch: [56][ 0/14]	L_zsl 0.0482 (0.0482)	L_cls 0.7975 (0.7975)
[32m[04/25 22:00:26 zsl]: [0mEpoch: [56][10/14]	L_zsl 0.0486 (0.0485)	L_cls 0.6438 (0.6856)
[32m[04/25 22:01:41 zsl]: [0m SS: 0.7652 UU: 0.6798 ST: 0.7326 UT: 0.3690 H: 0.4908
[32m[04/25 22:01:59 zsl]: [0mEpoch: [57][ 0/14]	L_zsl 0.0513 (0.0513)	L_cls 0.5883 (0.5883)
[32m[04/25 22:02:49 zsl]: [0mEpoch: [57][10/14]	L_zsl 0.0467 (0.0487)	L_cls 0.7035 (0.6880)
[32m[04/25 22:04:05 zsl]: [0m SS: 0.7703 UU: 0.6852 ST: 0.7382 UT: 0.3818 H: 0.5033
[32m[04/25 22:04:27 zsl]: [0mEpoch: [58][ 0/14]	L_zsl 0.0483 (0.0483)	L_cls 0.6437 (0.6437)
[32m[04/25 22:05:17 zsl]: [0mEpoch: [58][10/14]	L_zsl 0.0478 (0.0475)	L_cls 0.7014 (0.6741)
[32m[04/25 22:06:33 zsl]: [0m SS: 0.7648 UU: 0.6872 ST: 0.7345 UT: 0.3871 H: 0.5070
[32m[04/25 22:06:55 zsl]: [0mEpoch: [59][ 0/14]	L_zsl 0.0489 (0.0489)	L_cls 0.6120 (0.6120)
[32m[04/25 22:07:45 zsl]: [0mEpoch: [59][10/14]	L_zsl 0.0464 (0.0469)	L_cls 0.6520 (0.6848)
[32m[04/25 22:09:00 zsl]: [0m SS: 0.7771 UU: 0.6842 ST: 0.7439 UT: 0.3773 H: 0.5006
[32m[04/25 22:09:17 zsl]: [0mEpoch: [60][ 0/14]	L_zsl 0.0442 (0.0442)	L_cls 0.6168 (0.6168)
[32m[04/25 22:10:07 zsl]: [0mEpoch: [60][10/14]	L_zsl 0.0444 (0.0444)	L_cls 0.6955 (0.6828)
[32m[04/25 22:11:22 zsl]: [0m SS: 0.7762 UU: 0.6849 ST: 0.7423 UT: 0.3811 H: 0.5036
[32m[04/25 22:11:43 zsl]: [0mEpoch: [61][ 0/14]	L_zsl 0.0439 (0.0439)	L_cls 0.6056 (0.6056)
[32m[04/25 22:12:33 zsl]: [0mEpoch: [61][10/14]	L_zsl 0.0436 (0.0446)	L_cls 0.5645 (0.6737)
[32m[04/25 22:13:49 zsl]: [0m SS: 0.7757 UU: 0.6876 ST: 0.7424 UT: 0.3827 H: 0.5050
[32m[04/25 22:14:07 zsl]: [0mEpoch: [62][ 0/14]	L_zsl 0.0427 (0.0427)	L_cls 0.5835 (0.5835)
[32m[04/25 22:14:57 zsl]: [0mEpoch: [62][10/14]	L_zsl 0.0448 (0.0441)	L_cls 0.6656 (0.6667)
[32m[04/25 22:16:11 zsl]: [0m SS: 0.7749 UU: 0.6853 ST: 0.7416 UT: 0.3821 H: 0.5043
[32m[04/25 22:16:32 zsl]: [0mEpoch: [63][ 0/14]	L_zsl 0.0443 (0.0443)	L_cls 0.6060 (0.6060)
[32m[04/25 22:17:22 zsl]: [0mEpoch: [63][10/14]	L_zsl 0.0445 (0.0443)	L_cls 0.6731 (0.6437)
[32m[04/25 22:18:37 zsl]: [0m SS: 0.7750 UU: 0.6863 ST: 0.7411 UT: 0.3841 H: 0.5059
[32m[04/25 22:18:54 zsl]: [0mEpoch: [64][ 0/14]	L_zsl 0.0436 (0.0436)	L_cls 0.6399 (0.6399)
[32m[04/25 22:19:45 zsl]: [0mEpoch: [64][10/14]	L_zsl 0.0446 (0.0443)	L_cls 0.6376 (0.6609)
[32m[04/25 22:21:01 zsl]: [0m SS: 0.7738 UU: 0.6859 ST: 0.7414 UT: 0.3858 H: 0.5075
[32m[04/25 22:21:20 zsl]: [0mEpoch: [65][ 0/14]	L_zsl 0.0446 (0.0446)	L_cls 0.7152 (0.7152)
[32m[04/25 22:22:10 zsl]: [0mEpoch: [65][10/14]	L_zsl 0.0434 (0.0442)	L_cls 0.6010 (0.6309)
[32m[04/25 22:23:26 zsl]: [0m SS: 0.7751 UU: 0.6876 ST: 0.7408 UT: 0.3864 H: 0.5079
[32m[04/25 22:23:47 zsl]: [0mEpoch: [66][ 0/14]	L_zsl 0.0443 (0.0443)	L_cls 0.6097 (0.6097)
[32m[04/25 22:24:37 zsl]: [0mEpoch: [66][10/14]	L_zsl 0.0439 (0.0440)	L_cls 0.6320 (0.6402)
[32m[04/25 22:25:53 zsl]: [0m SS: 0.7750 UU: 0.6859 ST: 0.7407 UT: 0.3834 H: 0.5053
[32m[04/25 22:26:10 zsl]: [0mEpoch: [67][ 0/14]	L_zsl 0.0438 (0.0438)	L_cls 0.7345 (0.7345)
[32m[04/25 22:27:00 zsl]: [0mEpoch: [67][10/14]	L_zsl 0.0432 (0.0438)	L_cls 0.6063 (0.6745)
[32m[04/25 22:28:16 zsl]: [0m SS: 0.7738 UU: 0.6865 ST: 0.7396 UT: 0.3817 H: 0.5035
[32m[04/25 22:28:32 zsl]: [0mEpoch: [68][ 0/14]	L_zsl 0.0432 (0.0432)	L_cls 0.6477 (0.6477)
[32m[04/25 22:29:22 zsl]: [0mEpoch: [68][10/14]	L_zsl 0.0427 (0.0437)	L_cls 0.5487 (0.6361)
[32m[04/25 22:30:36 zsl]: [0m SS: 0.7750 UU: 0.6865 ST: 0.7407 UT: 0.3840 H: 0.5058
[32m[04/25 22:30:58 zsl]: [0mEpoch: [69][ 0/14]	L_zsl 0.0432 (0.0432)	L_cls 0.6599 (0.6599)
[32m[04/25 22:31:49 zsl]: [0mEpoch: [69][10/14]	L_zsl 0.0428 (0.0434)	L_cls 0.5948 (0.6611)
[32m[04/25 22:33:04 zsl]: [0m SS: 0.7744 UU: 0.6862 ST: 0.7397 UT: 0.3827 H: 0.5044
[32m[04/25 22:33:26 zsl]: [0mEpoch: [70][ 0/14]	L_zsl 0.0433 (0.0433)	L_cls 0.6764 (0.6764)
[32m[04/25 22:34:16 zsl]: [0mEpoch: [70][10/14]	L_zsl 0.0440 (0.0432)	L_cls 0.6365 (0.6758)
[32m[04/25 22:35:32 zsl]: [0m SS: 0.7735 UU: 0.6886 ST: 0.7393 UT: 0.3844 H: 0.5058
[32m[04/25 22:35:51 zsl]: [0mEpoch: [71][ 0/14]	L_zsl 0.0432 (0.0432)	L_cls 0.6265 (0.6265)
[32m[04/25 22:36:42 zsl]: [0mEpoch: [71][10/14]	L_zsl 0.0446 (0.0433)	L_cls 0.7495 (0.6556)
[32m[04/25 22:37:57 zsl]: [0m SS: 0.7731 UU: 0.6869 ST: 0.7393 UT: 0.3821 H: 0.5038
[32m[04/25 22:38:19 zsl]: [0mEpoch: [72][ 0/14]	L_zsl 0.0432 (0.0432)	L_cls 0.6240 (0.6240)
[32m[04/25 22:39:10 zsl]: [0mEpoch: [72][10/14]	L_zsl 0.0432 (0.0430)	L_cls 0.7367 (0.6339)
[32m[04/25 22:40:24 zsl]: [0m SS: 0.7734 UU: 0.6852 ST: 0.7399 UT: 0.3831 H: 0.5048
[32m[04/25 22:40:41 zsl]: [0mEpoch: [73][ 0/14]	L_zsl 0.0424 (0.0424)	L_cls 0.6871 (0.6871)
[32m[04/25 22:41:32 zsl]: [0mEpoch: [73][10/14]	L_zsl 0.0409 (0.0419)	L_cls 0.6410 (0.6648)
[32m[04/25 22:42:47 zsl]: [0m SS: 0.7707 UU: 0.6886 ST: 0.7361 UT: 0.3831 H: 0.5039
[32m[04/25 22:43:08 zsl]: [0mEpoch: [74][ 0/14]	L_zsl 0.0407 (0.0407)	L_cls 0.5177 (0.5177)
[32m[04/25 22:43:58 zsl]: [0mEpoch: [74][10/14]	L_zsl 0.0421 (0.0423)	L_cls 0.6208 (0.6282)
[32m[04/25 22:45:12 zsl]: [0m SS: 0.7725 UU: 0.6886 ST: 0.7378 UT: 0.3834 H: 0.5046
[32m[04/25 22:45:33 zsl]: [0mEpoch: [75][ 0/14]	L_zsl 0.0427 (0.0427)	L_cls 0.8609 (0.8609)
[32m[04/25 22:46:23 zsl]: [0mEpoch: [75][10/14]	L_zsl 0.0409 (0.0422)	L_cls 0.6127 (0.6902)
